RUBYGSM
  port: /dev/ttyUSB0
  timeout: 10
  verbosity: warn
  started at: 2013-05-04 09:58:15 -0300
====
Trying Command: ATE0
  Command: ATE0 (#1 of 3)
    Command!: ATE0
      Got lock
        Write: "ATE0\r"
        Waiting for response
          Read: "\r\n"
          Read: "OK\r\n"
        =["", "OK"]
    =["OK"] // command!
  =["OK"] // command
=["OK"] // try_command
Trying Command: AT+CMEE=1
  Command: AT+CMEE=1 (#1 of 3)
    Command!: AT+CMEE=1
      Got lock
        Write: "AT+CMEE=1\r"
        Waiting for response
          Read: "\r\n"
          Read: "OK\r\n"
        =["", "OK"]
    =["OK"] // command!
  =["OK"] // command
=["OK"] // try_command
Command: AT+CMGF=1 (#1 of 3)
  Command!: AT+CMGF=1
    Got lock
      Write: "AT+CMGF=1\r"
      Waiting for response
        Read: "\r\n"
        Read: "OK\r\n"
      =["", "OK"]
  =["OK"] // command!
=["OK"] // command
[receiver] Command: AT (#1 of 3)
