[Config Init] RUBYGSM
[Config Init]   port: /dev/ttyUSB1
[Config Init]   timeout: 10
[Config Init]   verbosity: warn
[Config Init]   started at: 2013-07-29 15:39:37 -0300
[Config Init] ====
[Config Init] Trying Command: ATE0
[Config Init]   Command: ATE0 (#1 of 3)
[Config Init]     Command!: ATE0
[Config Init]       Got lock
[Config Init]         Write: "ATE0\r"
[Config Init]         Waiting for response
[Config Init]           Read: "\r\n"
[Config Init]           Read: "^STIN: 7, 0, 0\r\n"
[Config Init]           Read: "\r\n"
[Config Init]           Read: "OK\r\n"
[Config Init]         =["", "^STIN: 7, 0, 0", "", "OK"]
[Config Init]     =["^STIN: 7, 0, 0", "OK"] // command!
[Config Init]   =["^STIN: 7, 0, 0", "OK"] // command
[Config Init] =["^STIN: 7, 0, 0", "OK"] // try_command
[Config Init] Trying Command: AT+CMEE=1
[Config Init]   Command: AT+CMEE=1 (#1 of 3)
[Config Init]     Command!: AT+CMEE=1
[Config Init]       Got lock
[Config Init]         Write: "AT+CMEE=1\r"
[Config Init]         Waiting for response
[Config Init]           Read: "\r\n"
[Config Init]           Read: "OK\r\n"
[Config Init]         =["", "OK"]
[Config Init]     =["OK"] // command!
[Config Init]   =["OK"] // command
[Config Init] =["OK"] // try_command
[Config Init] Command: AT+CMGF=1 (#1 of 3)
[Config Init]   Command!: AT+CMGF=1
[Config Init]     Got lock
[Config Init]       Write: "AT+CMGF=1\r"
[Config Init]       Waiting for response
[Config Init]         Read: "\r\n"
[Config Init]         Read: "OK\r\n"
[Config Init]       =["", "OK"]
[Config Init]   =["OK"] // command!
[Config Init] =["OK"] // command
[receiver] Command: AT (#1 of 3)
[receiver]   Command!: AT
[receiver]     Got lock
[receiver]       Write: "AT\r"
[receiver]       Waiting for response
[receiver]         Read: "\r\n"
[receiver]         Read: "OK\r\n"
[receiver]       =["", "OK"]
[receiver]   =["OK"] // command!
[receiver] =["OK"] // command
[receiver] Command: AT+CPMS? (#1 of 3)
[receiver]   Command!: AT+CPMS?
[receiver]     Got lock
[receiver]       Write: "AT+CPMS?\r"
[receiver]       Waiting for response
[receiver]         Read: "\r\n"
[receiver]         Read: "+CPMS: \"SM\",2,20,\"SM\",2,20,\"SM\",2,20\r\n"
[receiver]         Read: "\r\n"
[receiver]         Read: "OK\r\n"
[receiver]       =["", "+CPMS: \"SM\",2,20,\"SM\",2,20,\"SM\",2,20", "", "OK"]
[receiver]   =["+CPMS: \"SM\",2,20,\"SM\",2,20,\"SM\",2,20", "OK"] // command!
[receiver] =["+CPMS: \"SM\",2,20,\"SM\",2,20,\"SM\",2,20", "OK"] // command
[receiver] Trying Command: AT+CNMI?
[receiver]   Command: AT+CNMI? (#1 of 3)
[receiver]     Command!: AT+CNMI?
[receiver]       Got lock
[receiver]         Write: "AT+CNMI?\r"
[receiver]         Waiting for response
[receiver]           Read: "\r\n"
[receiver]           Read: "+CNMI: 2,1,0,2,0\r\n"
[receiver]           Read: "\r\n"
[receiver]           Read: "OK\r\n"
[receiver]         =["", "+CNMI: 2,1,0,2,0", "", "OK"]
[receiver]     =["+CNMI: 2,1,0,2,0", "OK"] // command!
[receiver]   =["+CNMI: 2,1,0,2,0", "OK"] // command
[receiver] =["+CNMI: 2,1,0,2,0", "OK"] // try_command
[receiver] Trying Command: AT+CNMI=2,1,0,2,0
[receiver]   Command: AT+CNMI=2,1,0,2,0 (#1 of 3)
[receiver]     Command!: AT+CNMI=2,1,0,2,0
[receiver]       Got lock
[receiver]         Write: "AT+CNMI=2,1,0,2,0\r"
[receiver]         Waiting for response
[receiver]           Read: "\r\n"
[receiver]           Read: "OK\r\n"
[receiver]         =["", "OK"]
[receiver]     =["OK"] // command!
[receiver]   =["OK"] // command
[receiver] =["OK"] // try_command
[receiver] Command: AT+CMGF=1 (#1 of 3)
[receiver]   Command!: AT+CMGF=1
[receiver]     Got lock
[receiver]       Write: "AT+CMGF=1\r"
[receiver]       Waiting for response
[receiver]         Read: "\r\n"
[receiver]         Read: "OK\r\n"
[receiver]       =["", "OK"]
[receiver]   =["OK"] // command!
[receiver] =["OK"] // command
[receiver] Command: AT+CMGL="ALL" (#1 of 3)
[receiver]   Command!: AT+CMGL="ALL"
[receiver]     Got lock
[receiver]       Write: "AT+CMGL=\"ALL\"\r"
[receiver]       Waiting for response
[receiver]         Read: "\r\n"
[receiver]         Read: "+CMGL: 0,\"REC UNREAD\",\"+5511969229749\",,\"13/07/29,15:38:40-12\"\r\n"
[receiver]         Read: "Cadastrar farol 100\r\n"
[receiver]         Read: "+CMGL: 1,\"REC UNREAD\",\"+5511969229749\",,\"13/07/29,15:38:42-12\"\r\n"
[receiver]         Read: "Cadastrar casinha 250\r\n"
[receiver]         Read: "\r\n"
[receiver]         Read: "OK\r\n"
[receiver]       =["", "+CMGL: 0,\"REC UNREAD\",\"+5511969229749\",,\"13/07/29,15:38:40-12\"", "Cadastrar farol 100", "+CMGL: 1,\"REC UNREAD\",\"+5511969229749\",,\"13/07/29,15:38:42-12\"", "Cadastrar casinha 250", "", "OK"]
[receiver]   =["+CMGL: 0,\"REC UNREAD\",\"+5511969229749\",,\"13/07/29,15:38:40-12\"", "Cadastrar farol 100", "+CMGL: 1,\"REC UNREAD\",\"+5511969229749\",,\"13/07/29,15:38:42-12\"", "Cadastrar casinha 250", "OK"] // command!
[receiver] =["+CMGL: 0,\"REC UNREAD\",\"+5511969229749\",,\"13/07/29,15:38:40-12\"", "Cadastrar farol 100", "+CMGL: 1,\"REC UNREAD\",\"+5511969229749\",,\"13/07/29,15:38:42-12\"", "Cadastrar casinha 250", "OK"] // command
[receiver] Fetched stored message from +5511969229749: "Cadastrar farol 100"
[receiver] Trying Command: AT+CMGD=0
[receiver]   Command: AT+CMGD=0 (#1 of 3)
[receiver]     Command!: AT+CMGD=0
[receiver]       Got lock
[receiver]         Write: "AT+CMGD=0\r"
[receiver]         Waiting for response
[receiver]           Read: "\r\n"
[receiver]           Read: "OK\r\n"
[receiver]         =["", "OK"]
[receiver]     =["OK"] // command!
[receiver]   =["OK"] // command
[receiver] =["OK"] // try_command
[receiver] Fetched stored message from +5511969229749: "Cadastrar casinha 250"
[receiver] Trying Command: AT+CMGD=1
[receiver]   Command: AT+CMGD=1 (#1 of 3)
[receiver]     Command!: AT+CMGD=1
[receiver]       Got lock
[receiver]         Write: "AT+CMGD=1\r"
[receiver]         Waiting for response
[receiver]           Read: "\r\n"
[receiver]           Read: "OK\r\n"
[receiver]         =["", "OK"]
[receiver]     =["OK"] // command!
[receiver]   =["OK"] // command
[receiver] =["OK"] // try_command
[receiver] Got lock
[receiver]   Sending SMS to +5511969229749: Sonho cadastrado! farol que custa R$ 100.0
[receiver]     Attempt 1 of 2
[receiver]     Command!: AT+CMGS="+5511969229749"
[receiver]       Got lock
[receiver]         Write: "AT+CMGS=\"+5511969229749\"\r"
[receiver]         Waiting for response
[receiver]           Read: "\r\n"
[receiver]           Read: "^STIN: 7, 0, 0\r\n"
[receiver]           Read: "\r\n"
[receiver]           Read: "> "
[receiver]         =["", "^STIN: 7, 0, 0", "", ">"]
[receiver]     =["^STIN: 7, 0, 0", ">"] // command!
[receiver]     Write: "Sonho cadastrado! farol que custa R$ 100.0\x1A"
[receiver]     Waiting for response
[receiver]       Read: "\r\n"
[receiver]       Read: "^STIN: 99, 0, 0\r\n"
[receiver]       Read: "\r\n"
[receiver]       Read: "+CMGS: 118\r\n"
[receiver]       Read: "\r\n"
[receiver]       Read: "OK\r\n"
[receiver]     =["", "^STIN: 99, 0, 0", "", "+CMGS: 118", "", "OK"]
[receiver] Got lock
[receiver]   Sending SMS to +5511969229749: Sonho cadastrado! casinha que custa R$ 250.0
[receiver]     Attempt 1 of 2
[receiver]     Command!: AT+CMGS="+5511969229749"
[receiver]       Got lock
[receiver]         Write: "AT+CMGS=\"+5511969229749\"\r"
[receiver]         Waiting for response
[receiver]           Read: "\r\n"
[receiver]           Read: "^STIN: 7, 0, 0\r\n"
[receiver]           Read: "\r\n"
[receiver]           Read: "> "
[receiver]         =["", "^STIN: 7, 0, 0", "", ">"]
[receiver]     =["^STIN: 7, 0, 0", ">"] // command!
[receiver]     Write: "Sonho cadastrado! casinha que custa R$ 250.0\x1A"
[receiver]     Waiting for response
[receiver]       Read: "\r\n"
[receiver]       Read: "+CMGS: 119\r\n"
[receiver]       Read: "\r\n"
[receiver]       Read: "OK\r\n"
[receiver]     =["", "+CMGS: 119", "", "OK"]
[receiver] Command: AT (#1 of 3)
[receiver]   Command!: AT
[receiver]     Got lock
[receiver]       Write: "AT\r"
[receiver]       Waiting for response
[receiver]         Read: "\r\n"
[receiver]         Read: "OK\r\n"
[receiver]       =["", "OK"]
[receiver]   =["OK"] // command!
[receiver] =["OK"] // command
[receiver] Command: AT+CPMS? (#1 of 3)
[receiver]   Command!: AT+CPMS?
[receiver]     Got lock
[receiver]       Write: "AT+CPMS?\r"
[receiver]       Waiting for response
[receiver]         Read: "\r\n"
[receiver]         Read: "+CPMS: \"SM\",0,20,\"SM\",0,20,\"SM\",0,20\r\n"
[receiver]         Read: "\r\n"
[receiver]         Read: "OK\r\n"
[receiver]       =["", "+CPMS: \"SM\",0,20,\"SM\",0,20,\"SM\",0,20", "", "OK"]
[receiver]   =["+CPMS: \"SM\",0,20,\"SM\",0,20,\"SM\",0,20", "OK"] // command!
[receiver] =["+CPMS: \"SM\",0,20,\"SM\",0,20,\"SM\",0,20", "OK"] // command
[receiver] Command: AT (#1 of 3)
[receiver]   Command!: AT
[receiver]     Got lock
[receiver]       Write: "AT\r"
[receiver]       Waiting for response
[receiver]         Read: "\r\n"
[receiver]         Read: "OK\r\n"
[receiver]       =["", "OK"]
[receiver]   =["OK"] // command!
[receiver] =["OK"] // command
[receiver] Command: AT+CPMS? (#1 of 3)
[receiver]   Command!: AT+CPMS?
[receiver]     Got lock
[receiver]       Write: "AT+CPMS?\r"
[receiver]       Waiting for response
[receiver]         Read: "\r\n"
[receiver]         Read: "+CPMS: \"SM\",0,20,\"SM\",0,20,\"SM\",0,20\r\n"
[receiver]         Read: "\r\n"
[receiver]         Read: "OK\r\n"
[receiver]       =["", "+CPMS: \"SM\",0,20,\"SM\",0,20,\"SM\",0,20", "", "OK"]
[receiver]   =["+CPMS: \"SM\",0,20,\"SM\",0,20,\"SM\",0,20", "OK"] // command!
[receiver] =["+CPMS: \"SM\",0,20,\"SM\",0,20,\"SM\",0,20", "OK"] // command
[receiver] Command: AT (#1 of 3)
[receiver]   Command!: AT
[receiver]     Got lock
[receiver]       Write: "AT\r"
[receiver]       Waiting for response
[receiver]         Read: "\r\n"
[receiver]         Read: "OK\r\n"
[receiver]       =["", "OK"]
[receiver]   =["OK"] // command!
[receiver] =["OK"] // command
[receiver] Command: AT+CPMS? (#1 of 3)
[receiver]   Command!: AT+CPMS?
[receiver]     Got lock
[receiver]       Write: "AT+CPMS?\r"
[receiver]       Waiting for response
[receiver]         Read: "\r\n"
[receiver]         Read: "+CPMS: \"SM\",0,20,\"SM\",0,20,\"SM\",0,20\r\n"
[receiver]         Read: "\r\n"
[receiver]         Read: "OK\r\n"
[receiver]       =["", "+CPMS: \"SM\",0,20,\"SM\",0,20,\"SM\",0,20", "", "OK"]
[receiver]   =["+CPMS: \"SM\",0,20,\"SM\",0,20,\"SM\",0,20", "OK"] // command!
[receiver] =["+CPMS: \"SM\",0,20,\"SM\",0,20,\"SM\",0,20", "OK"] // command
[receiver] Command: AT (#1 of 3)
[receiver]   Command!: AT
[receiver]     Got lock
[receiver]       Write: "AT\r"
[receiver]       Waiting for response
[receiver]         Read: "\r\n"
[receiver]         Read: "^STIN: 7, 0, 0\r\n"
[receiver]         Read: "\r\n"
[receiver]         Read: "OK\r\n"
[receiver]       =["", "^STIN: 7, 0, 0", "", "OK"]
[receiver]   =["^STIN: 7, 0, 0", "OK"] // command!
[receiver] =["^STIN: 7, 0, 0", "OK"] // command
[receiver] Command: AT+CPMS? (#1 of 3)
[receiver]   Command!: AT+CPMS?
[receiver]     Got lock
[receiver]       Write: "AT+CPMS?\r"
[receiver]       Waiting for response
[receiver]         Read: "\r\n"
[receiver]         Read: "+CPMS: \"SM\",0,20,\"SM\",0,20,\"SM\",0,20\r\n"
[receiver]         Read: "\r\n"
[receiver]         Read: "OK\r\n"
[receiver]       =["", "+CPMS: \"SM\",0,20,\"SM\",0,20,\"SM\",0,20", "", "OK"]
[receiver]   =["+CPMS: \"SM\",0,20,\"SM\",0,20,\"SM\",0,20", "OK"] // command!
[receiver] =["+CPMS: \"SM\",0,20,\"SM\",0,20,\"SM\",0,20", "OK"] // command
[receiver] Command: AT+CMGF=1 (#1 of 3)
[receiver]   Command!: AT+CMGF=1
[receiver]     Got lock
[receiver]       Write: "AT+CMGF=1\r"
[receiver]       Waiting for response
[receiver]         Read: "\r\n"
[receiver]         Read: "OK\r\n"
[receiver]       =["", "OK"]
[receiver]   =["OK"] // command!
[receiver] =["OK"] // command
[receiver] Command: AT+CMGL="ALL" (#1 of 3)
[receiver]   Command!: AT+CMGL="ALL"
[receiver]     Got lock
[receiver]       Write: "AT+CMGL=\"ALL\"\r"
[receiver]       Waiting for response
[receiver]         Read: "\r\n"
[receiver]         Read: "OK\r\n"
[receiver]       =["", "OK"]
[receiver]   =["OK"] // command!
[receiver] =["OK"] // command
[receiver] Command: AT (#1 of 3)
[receiver]   Command!: AT
[receiver]     Got lock
[receiver]       Write: "AT\r"
[receiver]       Waiting for response
[receiver]         Read: "\r\n"
[receiver]         Read: "OK\r\n"
[receiver]       =["", "OK"]
[receiver]   =["OK"] // command!
[receiver] =["OK"] // command
[receiver] Command: AT+CPMS? (#1 of 3)
[receiver]   Command!: AT+CPMS?
[receiver]     Got lock
[receiver]       Write: "AT+CPMS?\r"
[receiver]       Waiting for response
[receiver]         Read: "\r\n"
[receiver]         Read: "+CPMS: \"SM\",0,20,\"SM\",0,20,\"SM\",0,20\r\n"
[receiver]         Read: "\r\n"
[receiver]         Read: "OK\r\n"
[receiver]       =["", "+CPMS: \"SM\",0,20,\"SM\",0,20,\"SM\",0,20", "", "OK"]
[receiver]   =["+CPMS: \"SM\",0,20,\"SM\",0,20,\"SM\",0,20", "OK"] // command!
[receiver] =["+CPMS: \"SM\",0,20,\"SM\",0,20,\"SM\",0,20", "OK"] // command
[receiver] Command: AT (#1 of 3)
[receiver]   Command!: AT
[receiver]     Got lock
[receiver]       Write: "AT\r"
[receiver]       Waiting for response
[receiver]         Read: "\r\n"
[receiver]         Read: "OK\r\n"
[receiver]       =["", "OK"]
[receiver]   =["OK"] // command!
[receiver] =["OK"] // command
[receiver] Command: AT+CPMS? (#1 of 3)
[receiver]   Command!: AT+CPMS?
[receiver]     Got lock
[receiver]       Write: "AT+CPMS?\r"
[receiver]       Waiting for response
[receiver]         Read: "\r\n"
[receiver]         Read: "+CPMS: \"SM\",0,20,\"SM\",0,20,\"SM\",0,20\r\n"
[receiver]         Read: "\r\n"
[receiver]         Read: "OK\r\n"
[receiver]       =["", "+CPMS: \"SM\",0,20,\"SM\",0,20,\"SM\",0,20", "", "OK"]
[receiver]   =["+CPMS: \"SM\",0,20,\"SM\",0,20,\"SM\",0,20", "OK"] // command!
[receiver] =["+CPMS: \"SM\",0,20,\"SM\",0,20,\"SM\",0,20", "OK"] // command
[receiver] Command: AT (#1 of 3)
[receiver]   Command!: AT
[receiver]     Got lock
[receiver]       Write: "AT\r"
[receiver]       Waiting for response
[receiver]         Read: "\r\n"
[receiver]         Read: "OK\r\n"
[receiver]       =["", "OK"]
[receiver]   =["OK"] // command!
[receiver] =["OK"] // command
[receiver] Command: AT+CPMS? (#1 of 3)
[receiver]   Command!: AT+CPMS?
[receiver]     Got lock
[receiver]       Write: "AT+CPMS?\r"
[receiver]       Waiting for response
[receiver]         Read: "\r\n"
[receiver]         Read: "+CPMS: \"SM\",0,20,\"SM\",0,20,\"SM\",0,20\r\n"
[receiver]         Read: "\r\n"
[receiver]         Read: "OK\r\n"
[receiver]       =["", "+CPMS: \"SM\",0,20,\"SM\",0,20,\"SM\",0,20", "", "OK"]
[receiver]   =["+CPMS: \"SM\",0,20,\"SM\",0,20,\"SM\",0,20", "OK"] // command!
[receiver] =["+CPMS: \"SM\",0,20,\"SM\",0,20,\"SM\",0,20", "OK"] // command
[receiver] Command: AT (#1 of 3)
[receiver]   Command!: AT
[receiver]     Got lock
[receiver]       Write: "AT\r"
[receiver]     Rescued (in #command!): The modem couldn't be written to. It may have crashed or been unplugged
[receiver] Rescued (in #command): The modem couldn't be written to. It may have crashed or been unplugged
[receiver] Sleeping for 1
[receiver] Command: AT (#2 of 3)
[receiver]   Command!: AT
[receiver]     Got lock
[receiver]       Write: "AT\r"
[receiver]     Rescued (in #command!): The modem couldn't be written to. It may have crashed or been unplugged
[receiver] Rescued (in #command): The modem couldn't be written to. It may have crashed or been unplugged
[receiver] Sleeping for 2
[receiver] Command: AT (#3 of 3)
[receiver]   Command!: AT
[receiver]     Got lock
[receiver]       Write: "AT\r"
[receiver]     Rescued (in #command!): The modem couldn't be written to. It may have crashed or been unplugged
[receiver] Rescued (in #command): The modem couldn't be written to. It may have crashed or been unplugged
[receiver] Resetting the modem
[receiver] Command!: AT+CFUN=1
[receiver]   Got lock
[receiver]     Write: "AT+CFUN=1\r"
[receiver]   Rescued (in #command!): The modem couldn't be written to. It may have crashed or been unplugged
