[main] RUBYGSM
[main]   port: /dev/ttyUSB0
[main]   timeout: 10
[main]   verbosity: warn
[main]   started at: 2013-05-03 23:49:14 -0300
[main] ====
[main] Trying Command: ATE0
[main]   Command: ATE0 (#1 of 3)
[main]     Command!: ATE0
[main]       Got lock
[main]         Write: "ATE0\r"
[main]         Waiting for response
[main]           Read: "\r\n"
[main]           Read: "OK\r\n"
[main]         =["", "OK"]
[main]     =["OK"] // command!
[main]   =["OK"] // command
[main] =["OK"] // try_command
[main] Trying Command: AT+CMEE=1
[main]   Command: AT+CMEE=1 (#1 of 3)
[main]     Command!: AT+CMEE=1
[main]       Got lock
[main]         Write: "AT+CMEE=1\r"
[main]         Waiting for response
[main]           Read: "\r\n"
[main]           Read: "OK\r\n"
[main]         =["", "OK"]
[main]     =["OK"] // command!
[main]   =["OK"] // command
[main] =["OK"] // try_command
[main] Command: AT+CMGF=1 (#1 of 3)
[main]   Command!: AT+CMGF=1
[main]     Got lock
[main]       Write: "AT+CMGF=1\r"
[main]       Waiting for response
[main]         Read: "\r\n"
[main]         Read: "OK\r\n"
[main]       =["", "OK"]
[main]   =["OK"] // command!
[main] =["OK"] // command
