[main] RUBYGSM
[main]   port: /dev/ttyUSB0
[main]   timeout: 10
[main]   verbosity: warn
[main]   started at: 2013-03-28 18:05:05 -0300
[main] ====
[main] Trying Command: ATE0
[main]   Command: ATE0 (#1 of 3)
[main]     Command!: ATE0
[main]       Got lock
[main]         Write: "ATE0\r"
[main]         Waiting for response
[main]           Read: "\r\n"
[main]           Read: "^STIN: 7, 0, 0\r\n"
[main]           Read: "\r\n"
[main]           Read: "^STIN: 99, 0, 0\r\n"
[main]           Read: "\r\n"
[main]           Read: "^STIN: 7, 0, 0\r\n"
[main]           Read: "\r\n"
[main]           Read: "^STIN: 99, 0, 0\r\n"
[main]           Read: "\r\n"
[main]           Read: "^STIN: 7, 0, 0\r\n"
[main]           Read: "\r\n"
[main]           Read: "^STIN: 99, 0, 0\r\n"
[main]           Read: "\r\n"
[main]           Read: "^STIN: 99, 0, 0\r\n"
[main]           Read: "\r\n"
[main]           Read: "^STIN: 7, 0, 0\r\n"
[main]           Read: "\r\n"
[main]           Read: "^STIN: 99, 0, 0\r\n"
[main]           Read: "\r\n"
[main]           Read: "^STIN: 7, 0, 0\r\n"
[main]           Read: "\r\n"
[main]           Read: "^STIN: 99, 0, 0\r\n"
[main]           Read: "\r\n"
[main]           Read: "^STIN: 7, 0, 0\r\n"
[main]           Read: "\r\n"
[main]           Read: "^STIN: 7, 0, 0\r\n"
[main]           Read: "\r\n"
[main]           Read: "^STIN: 99, 0, 0\r\n"
[main]           Read: "\r\n"
[main]           Read: "^STIN: 7, 0, 0\r\n"
[main]           Read: "\r\n"
[main]           Read: "^STIN: 7, 0, 0\r\n"
[main]           Read: "\r\n"
[main]           Read: "^STIN: 7, 0, 0\r\n"
[main]           Read: "\r\n"
[main]           Read: "^STIN: 7, 0, 0\r\n"
[main]           Read: "\r\n"
[main]           Read: "^STIN: 99, 0, 0\r\n"
[main]           Read: "\r\n"
[main]           Read: "^STIN: 7, 0, 0\r\n"
[main]           Read: "\r\n"
[main]           Read: "^STIN: 7, 0, 0\r\n"
[main]           Read: "\r\n"
[main]           Read: "^STIN: 99, 0, 0\r\n"
[main]           Read: "\r\n"
[main]           Read: "^STIN: 7, 0, 0\r\n"
[main]           Read: "\r\n"
[main]           Read: "^STIN: 7, 0, 0\r\n"
[main]           Read: "\r\n"
[main]           Read: "^STIN: 7, 0, 0\r\n"
[main]           Read: "\r\n"
[main]           Read: "OK\r\n"
[main]         =["", "^STIN: 7, 0, 0", "", "^STIN: 99, 0, 0", "", "^STIN: 7, 0, 0", "", "^STIN: 99, 0, 0", "", "^STIN: 7, 0, 0", "", "^STIN: 99, 0, 0", "", "^STIN: 99, 0, 0", "", "^STIN: 7, 0, 0", "", "^STIN: 99, 0, 0", "", "^STIN: 7, 0, 0", "", "^STIN: 99, 0, 0", "", "^STIN: 7, 0, 0", "", "^STIN: 7, 0, 0", "", "^STIN: 99, 0, 0", "", "^STIN: 7, 0, 0", "", "^STIN: 7, 0, 0", "", "^STIN: 7, 0, 0", "", "^STIN: 7, 0, 0", "", "^STIN: 99, 0, 0", "", "^STIN: 7, 0, 0", "", "^STIN: 7, 0, 0", "", "^STIN: 99, 0, 0", "", "^STIN: 7, 0, 0", "", "^STIN: 7, 0, 0", "", "^STIN: 7, 0, 0", "", "OK"]
[main]     =["^STIN: 7, 0, 0", "^STIN: 99, 0, 0", "^STIN: 7, 0, 0", "^STIN: 99, 0, 0", "^STIN: 7, 0, 0", "^STIN: 99, 0, 0", "^STIN: 99, 0, 0", "^STIN: 7, 0, 0", "^STIN: 99, 0, 0", "^STIN: 7, 0, 0", "^STIN: 99, 0, 0", "^STIN: 7, 0, 0", "^STIN: 7, 0, 0", "^STIN: 99, 0, 0", "^STIN: 7, 0, 0", "^STIN: 7, 0, 0", "^STIN: 7, 0, 0", "^STIN: 7, 0, 0", "^STIN: 99, 0, 0", "^STIN: 7, 0, 0", "^STIN: 7, 0, 0", "^STIN: 99, 0, 0", "^STIN: 7, 0, 0", "^STIN: 7, 0, 0", "^STIN: 7, 0, 0", "OK"] // command!
[main]   =["^STIN: 7, 0, 0", "^STIN: 99, 0, 0", "^STIN: 7, 0, 0", "^STIN: 99, 0, 0", "^STIN: 7, 0, 0", "^STIN: 99, 0, 0", "^STIN: 99, 0, 0", "^STIN: 7, 0, 0", "^STIN: 99, 0, 0", "^STIN: 7, 0, 0", "^STIN: 99, 0, 0", "^STIN: 7, 0, 0", "^STIN: 7, 0, 0", "^STIN: 99, 0, 0", "^STIN: 7, 0, 0", "^STIN: 7, 0, 0", "^STIN: 7, 0, 0", "^STIN: 7, 0, 0", "^STIN: 99, 0, 0", "^STIN: 7, 0, 0", "^STIN: 7, 0, 0", "^STIN: 99, 0, 0", "^STIN: 7, 0, 0", "^STIN: 7, 0, 0", "^STIN: 7, 0, 0", "OK"] // command
[main] =["^STIN: 7, 0, 0", "^STIN: 99, 0, 0", "^STIN: 7, 0, 0", "^STIN: 99, 0, 0", "^STIN: 7, 0, 0", "^STIN: 99, 0, 0", "^STIN: 99, 0, 0", "^STIN: 7, 0, 0", "^STIN: 99, 0, 0", "^STIN: 7, 0, 0", "^STIN: 99, 0, 0", "^STIN: 7, 0, 0", "^STIN: 7, 0, 0", "^STIN: 99, 0, 0", "^STIN: 7, 0, 0", "^STIN: 7, 0, 0", "^STIN: 7, 0, 0", "^STIN: 7, 0, 0", "^STIN: 99, 0, 0", "^STIN: 7, 0, 0", "^STIN: 7, 0, 0", "^STIN: 99, 0, 0", "^STIN: 7, 0, 0", "^STIN: 7, 0, 0", "^STIN: 7, 0, 0", "OK"] // try_command
[main] Trying Command: AT+CMEE=1
[main]   Command: AT+CMEE=1 (#1 of 3)
[main]     Command!: AT+CMEE=1
[main]       Got lock
[main]         Write: "AT+CMEE=1\r"
[main]         Waiting for response
[main]           Read: "\r\n"
[main]           Read: "OK\r\n"
[main]         =["", "OK"]
[main]     =["OK"] // command!
[main]   =["OK"] // command
[main] =["OK"] // try_command
[main] Command: AT+CMGF=1 (#1 of 3)
[main]   Command!: AT+CMGF=1
[main]     Got lock
[main]       Write: "AT+CMGF=1\r"
[main]       Waiting for response
[main]         Read: "\r\n"
[main]         Read: "OK\r\n"
[main]       =["", "OK"]
[main]   =["OK"] // command!
[main] =["OK"] // command
[receiver] Command: AT (#1 of 3)
[receiver]   Command!: AT
[receiver]     Got lock
[receiver]       Write: "AT\r"
[receiver]       Waiting for response
[receiver]         Read: "\r\n"
[receiver]         Read: "OK\r\n"
[receiver]       =["", "OK"]
[receiver]   =["OK"] // command!
[receiver] =["OK"] // command
[receiver] Command: AT+CPMS? (#1 of 3)
[receiver]   Command!: AT+CPMS?
[receiver]     Got lock
[receiver]       Write: "AT+CPMS?\r"
[receiver]       Waiting for response
[receiver]         Read: "\r\n"
[receiver]         Read: "+CPMS: \"SM\",0,20,\"SM\",0,20,\"SM\",0,20\r\n"
[receiver]         Read: "\r\n"
[receiver]         Read: "OK\r\n"
[receiver]       =["", "+CPMS: \"SM\",0,20,\"SM\",0,20,\"SM\",0,20", "", "OK"]
[receiver]   =["+CPMS: \"SM\",0,20,\"SM\",0,20,\"SM\",0,20", "OK"] // command!
[receiver] =["+CPMS: \"SM\",0,20,\"SM\",0,20,\"SM\",0,20", "OK"] // command
[receiver] Trying Command: AT+CNMI?
[receiver]   Command: AT+CNMI? (#1 of 3)
[receiver]     Command!: AT+CNMI?
[receiver]       Got lock
[receiver]         Write: "AT+CNMI?\r"
[receiver]         Waiting for response
[receiver]           Read: "\r\n"
[receiver]           Read: "+CNMI: 2,1,0,2,0\r\n"
[receiver]           Read: "\r\n"
[receiver]           Read: "OK\r\n"
[receiver]         =["", "+CNMI: 2,1,0,2,0", "", "OK"]
[receiver]     =["+CNMI: 2,1,0,2,0", "OK"] // command!
[receiver]   =["+CNMI: 2,1,0,2,0", "OK"] // command
[receiver] =["+CNMI: 2,1,0,2,0", "OK"] // try_command
[receiver] Trying Command: AT+CNMI=2,1,0,2,0
[receiver]   Command: AT+CNMI=2,1,0,2,0 (#1 of 3)
[receiver]     Command!: AT+CNMI=2,1,0,2,0
[receiver]       Got lock
[receiver]         Write: "AT+CNMI=2,1,0,2,0\r"
[receiver]         Waiting for response
[receiver]           Read: "\r\n"
[receiver]           Read: "OK\r\n"
[receiver]         =["", "OK"]
[receiver]     =["OK"] // command!
[receiver]   =["OK"] // command
[receiver] =["OK"] // try_command
[receiver] Command: AT+CMGF=1 (#1 of 3)
[receiver]   Command!: AT+CMGF=1
[receiver]     Got lock
[receiver]       Write: "AT+CMGF=1\r"
[receiver]       Waiting for response
[receiver]         Read: "\r\n"
[receiver]         Read: "OK\r\n"
[receiver]       =["", "OK"]
[receiver]   =["OK"] // command!
[receiver] =["OK"] // command
[receiver] Command: AT+CMGL="ALL" (#1 of 3)
[receiver]   Command!: AT+CMGL="ALL"
[receiver]     Got lock
[receiver]       Write: "AT+CMGL=\"ALL\"\r"
[receiver]       Waiting for response
[receiver]         Read: "\r\n"
[receiver]         Read: "OK\r\n"
[receiver]       =["", "OK"]
[receiver]   =["OK"] // command!
[receiver] =["OK"] // command
[receiver] Command: AT (#1 of 3)
[receiver]   Command!: AT
[receiver]     Got lock
[receiver]       Write: "AT\r"
[receiver]       Waiting for response
[receiver]         Read: "\r\n"
[receiver]         Read: "^STIN: 7, 0, 0\r\n"
[receiver]         Read: "\r\n"
[receiver]         Read: "OK\r\n"
[receiver]       =["", "^STIN: 7, 0, 0", "", "OK"]
[receiver]   =["^STIN: 7, 0, 0", "OK"] // command!
[receiver] =["^STIN: 7, 0, 0", "OK"] // command
[receiver] Command: AT+CPMS? (#1 of 3)
[receiver]   Command!: AT+CPMS?
[receiver]     Got lock
[receiver]       Write: "AT+CPMS?\r"
[receiver]       Waiting for response
[receiver]         Read: "\r\n"
[receiver]         Read: "+CPMS: \"SM\",0,20,\"SM\",0,20,\"SM\",0,20\r\n"
[receiver]         Read: "\r\n"
[receiver]         Read: "OK\r\n"
[receiver]       =["", "+CPMS: \"SM\",0,20,\"SM\",0,20,\"SM\",0,20", "", "OK"]
[receiver]   =["+CPMS: \"SM\",0,20,\"SM\",0,20,\"SM\",0,20", "OK"] // command!
[receiver] =["+CPMS: \"SM\",0,20,\"SM\",0,20,\"SM\",0,20", "OK"] // command
[receiver] Command: AT (#1 of 3)
[receiver]   Command!: AT
[receiver]     Got lock
[receiver]       Write: "AT\r"
[receiver]       Waiting for response
[receiver]         Read: "\r\n"
[receiver]         Read: "^STIN: 7, 0, 0\r\n"
[receiver]         Read: "\r\n"
[receiver]         Read: "OK\r\n"
[receiver]       =["", "^STIN: 7, 0, 0", "", "OK"]
[receiver]   =["^STIN: 7, 0, 0", "OK"] // command!
[receiver] =["^STIN: 7, 0, 0", "OK"] // command
[receiver] Command: AT+CPMS? (#1 of 3)
[receiver]   Command!: AT+CPMS?
[receiver]     Got lock
[receiver]       Write: "AT+CPMS?\r"
[receiver]       Waiting for response
[receiver]         Read: "\r\n"
[receiver]         Read: "+CPMS: \"SM\",0,20,\"SM\",0,20,\"SM\",0,20\r\n"
[receiver]         Read: "\r\n"
[receiver]         Read: "OK\r\n"
[receiver]       =["", "+CPMS: \"SM\",0,20,\"SM\",0,20,\"SM\",0,20", "", "OK"]
[receiver]   =["+CPMS: \"SM\",0,20,\"SM\",0,20,\"SM\",0,20", "OK"] // command!
[receiver] =["+CPMS: \"SM\",0,20,\"SM\",0,20,\"SM\",0,20", "OK"] // command
[receiver] Command: AT (#1 of 3)
[receiver]   Command!: AT
[receiver]     Got lock
[receiver]       Write: "AT\r"
[receiver]       Waiting for response
[receiver]         Read: "\r\n"
[receiver]         Read: "^STIN: 7, 0, 0\r\n"
[receiver]         Read: "\r\n"
[receiver]         Read: "OK\r\n"
[receiver]       =["", "^STIN: 7, 0, 0", "", "OK"]
[receiver]   =["^STIN: 7, 0, 0", "OK"] // command!
[receiver] =["^STIN: 7, 0, 0", "OK"] // command
[receiver] Command: AT+CPMS? (#1 of 3)
[receiver]   Command!: AT+CPMS?
[receiver]     Got lock
[receiver]       Write: "AT+CPMS?\r"
[receiver]       Waiting for response
[receiver]         Read: "\r\n"
[receiver]         Read: "+CPMS: \"SM\",0,20,\"SM\",0,20,\"SM\",0,20\r\n"
[receiver]         Read: "\r\n"
[receiver]         Read: "OK\r\n"
[receiver]       =["", "+CPMS: \"SM\",0,20,\"SM\",0,20,\"SM\",0,20", "", "OK"]
[receiver]   =["+CPMS: \"SM\",0,20,\"SM\",0,20,\"SM\",0,20", "OK"] // command!
[receiver] =["+CPMS: \"SM\",0,20,\"SM\",0,20,\"SM\",0,20", "OK"] // command
[receiver] Command: AT (#1 of 3)
[receiver]   Command!: AT
[receiver]     Got lock
[receiver]       Write: "AT\r"
[receiver]       Waiting for response
[receiver]         Read: "\r\n"
[receiver]         Read: "^STIN: 7, 0, 0\r\n"
[receiver]         Read: "\r\n"
[receiver]         Read: "OK\r\n"
[receiver]       =["", "^STIN: 7, 0, 0", "", "OK"]
[receiver]   =["^STIN: 7, 0, 0", "OK"] // command!
[receiver] =["^STIN: 7, 0, 0", "OK"] // command
[receiver] Command: AT+CPMS? (#1 of 3)
[receiver]   Command!: AT+CPMS?
[receiver]     Got lock
[receiver]       Write: "AT+CPMS?\r"
[receiver]       Waiting for response
[receiver]         Read: "\r\n"
[receiver]         Read: "+CPMS: \"SM\",0,20,\"SM\",0,20,\"SM\",0,20\r\n"
[receiver]         Read: "\r\n"
[receiver]         Read: "OK\r\n"
[receiver]       =["", "+CPMS: \"SM\",0,20,\"SM\",0,20,\"SM\",0,20", "", "OK"]
[receiver]   =["+CPMS: \"SM\",0,20,\"SM\",0,20,\"SM\",0,20", "OK"] // command!
[receiver] =["+CPMS: \"SM\",0,20,\"SM\",0,20,\"SM\",0,20", "OK"] // command
[receiver] Command: AT+CMGF=1 (#1 of 3)
[receiver]   Command!: AT+CMGF=1
[receiver]     Got lock
[receiver]       Write: "AT+CMGF=1\r"
[receiver]       Waiting for response
[receiver]         Read: "\r\n"
[receiver]         Read: "OK\r\n"
[receiver]       =["", "OK"]
[receiver]   =["OK"] // command!
[receiver] =["OK"] // command
[receiver] Command: AT+CMGL="ALL" (#1 of 3)
[receiver]   Command!: AT+CMGL="ALL"
[receiver]     Got lock
[receiver]       Write: "AT+CMGL=\"ALL\"\r"
[receiver]       Waiting for response
[receiver]         Read: "\r\n"
[receiver]         Read: "OK\r\n"
[receiver]       =["", "OK"]
[receiver]   =["OK"] // command!
[receiver] =["OK"] // command
[receiver] Command: AT (#1 of 3)
[receiver]   Command!: AT
[receiver]     Got lock
[receiver]       Write: "AT\r"
[receiver]       Waiting for response
[receiver]         Read: "\r\n"
[receiver]         Read: "^STIN: 7, 0, 0\r\n"
[receiver]         Read: "\r\n"
[receiver]         Read: "OK\r\n"
[receiver]       =["", "^STIN: 7, 0, 0", "", "OK"]
[receiver]   =["^STIN: 7, 0, 0", "OK"] // command!
[receiver] =["^STIN: 7, 0, 0", "OK"] // command
[receiver] Command: AT+CPMS? (#1 of 3)
[receiver]   Command!: AT+CPMS?
[receiver]     Got lock
[receiver]       Write: "AT+CPMS?\r"
[receiver]       Waiting for response
[receiver]         Read: "\r\n"
[receiver]         Read: "+CPMS: \"SM\",0,20,\"SM\",0,20,\"SM\",0,20\r\n"
[receiver]         Read: "\r\n"
[receiver]         Read: "OK\r\n"
[receiver]       =["", "+CPMS: \"SM\",0,20,\"SM\",0,20,\"SM\",0,20", "", "OK"]
[receiver]   =["+CPMS: \"SM\",0,20,\"SM\",0,20,\"SM\",0,20", "OK"] // command!
[receiver] =["+CPMS: \"SM\",0,20,\"SM\",0,20,\"SM\",0,20", "OK"] // command
[receiver] Command: AT (#1 of 3)
[receiver]   Command!: AT
[receiver]     Got lock
[receiver]       Write: "AT\r"
[receiver]       Waiting for response
[receiver]         Read: "\r\n"
[receiver]         Read: "^STIN: 7, 0, 0\r\n"
[receiver]         Read: "\r\n"
[receiver]         Read: "OK\r\n"
[receiver]       =["", "^STIN: 7, 0, 0", "", "OK"]
[receiver]   =["^STIN: 7, 0, 0", "OK"] // command!
[receiver] =["^STIN: 7, 0, 0", "OK"] // command
[receiver] Command: AT+CPMS? (#1 of 3)
[receiver]   Command!: AT+CPMS?
[receiver]     Got lock
[receiver]       Write: "AT+CPMS?\r"
[receiver]       Waiting for response
[receiver]         Read: "\r\n"
[receiver]         Read: "+CPMS: \"SM\",0,20,\"SM\",0,20,\"SM\",0,20\r\n"
[receiver]         Read: "\r\n"
[receiver]         Read: "OK\r\n"
[receiver]       =["", "+CPMS: \"SM\",0,20,\"SM\",0,20,\"SM\",0,20", "", "OK"]
[receiver]   =["+CPMS: \"SM\",0,20,\"SM\",0,20,\"SM\",0,20", "OK"] // command!
[receiver] =["+CPMS: \"SM\",0,20,\"SM\",0,20,\"SM\",0,20", "OK"] // command
[receiver] Command: AT (#1 of 3)
[receiver]   Command!: AT
[receiver]     Got lock
[receiver]       Write: "AT\r"
[receiver]       Waiting for response
[receiver]         Read: "\r\n"
[receiver]         Read: "^STIN: 7, 0, 0\r\n"
[receiver]         Read: "\r\n"
[receiver]         Read: "OK\r\n"
[receiver]       =["", "^STIN: 7, 0, 0", "", "OK"]
[receiver]   =["^STIN: 7, 0, 0", "OK"] // command!
[receiver] =["^STIN: 7, 0, 0", "OK"] // command
[receiver] Command: AT+CPMS? (#1 of 3)
[receiver]   Command!: AT+CPMS?
[receiver]     Got lock
[receiver]       Write: "AT+CPMS?\r"
[receiver]       Waiting for response
[receiver]         Read: "\r\n"
[receiver]         Read: "+CPMS: \"SM\",0,20,\"SM\",0,20,\"SM\",0,20\r\n"
[receiver]         Read: "\r\n"
[receiver]         Read: "OK\r\n"
[receiver]       =["", "+CPMS: \"SM\",0,20,\"SM\",0,20,\"SM\",0,20", "", "OK"]
[receiver]   =["+CPMS: \"SM\",0,20,\"SM\",0,20,\"SM\",0,20", "OK"] // command!
[receiver] =["+CPMS: \"SM\",0,20,\"SM\",0,20,\"SM\",0,20", "OK"] // command
[receiver] Command: AT (#1 of 3)
[receiver]   Command!: AT
[receiver]     Got lock
[receiver]       Write: "AT\r"
[receiver]       Waiting for response
[receiver]         Read: "\r\n"
[receiver]         Read: "^STIN: 7, 0, 0\r\n"
[receiver]         Read: "\r\n"
[receiver]         Read: "OK\r\n"
[receiver]       =["", "^STIN: 7, 0, 0", "", "OK"]
[receiver]   =["^STIN: 7, 0, 0", "OK"] // command!
[receiver] =["^STIN: 7, 0, 0", "OK"] // command
[receiver] Command: AT+CPMS? (#1 of 3)
[receiver]   Command!: AT+CPMS?
[receiver]     Got lock
[receiver]       Write: "AT+CPMS?\r"
[receiver]       Waiting for response
[receiver]         Read: "\r\n"
[receiver]         Read: "+CPMS: \"SM\",0,20,\"SM\",0,20,\"SM\",0,20\r\n"
[receiver]         Read: "\r\n"
[receiver]         Read: "OK\r\n"
[receiver]       =["", "+CPMS: \"SM\",0,20,\"SM\",0,20,\"SM\",0,20", "", "OK"]
[receiver]   =["+CPMS: \"SM\",0,20,\"SM\",0,20,\"SM\",0,20", "OK"] // command!
[receiver] =["+CPMS: \"SM\",0,20,\"SM\",0,20,\"SM\",0,20", "OK"] // command
[receiver] Command: AT+CMGF=1 (#1 of 3)
[receiver]   Command!: AT+CMGF=1
[receiver]     Got lock
[receiver]       Write: "AT+CMGF=1\r"
[receiver]       Waiting for response
[receiver]         Read: "\r\n"
[receiver]         Read: "OK\r\n"
[receiver]       =["", "OK"]
[receiver]   =["OK"] // command!
[receiver] =["OK"] // command
[receiver] Command: AT+CMGL="ALL" (#1 of 3)
[receiver]   Command!: AT+CMGL="ALL"
[receiver]     Got lock
[receiver]       Write: "AT+CMGL=\"ALL\"\r"
[receiver]       Waiting for response
[receiver]         Read: "\r\n"
[receiver]         Read: "OK\r\n"
[receiver]       =["", "OK"]
[receiver]   =["OK"] // command!
[receiver] =["OK"] // command
[receiver] Command: AT (#1 of 3)
[receiver]   Command!: AT
[receiver]     Got lock
[receiver]       Write: "AT\r"
[receiver]       Waiting for response
[receiver]         Read: "\r\n"
[receiver]         Read: "^STIN: 7, 0, 0\r\n"
[receiver]         Read: "\r\n"
[receiver]         Read: "OK\r\n"
[receiver]       =["", "^STIN: 7, 0, 0", "", "OK"]
[receiver]   =["^STIN: 7, 0, 0", "OK"] // command!
[receiver] =["^STIN: 7, 0, 0", "OK"] // command
[receiver] Command: AT+CPMS? (#1 of 3)
[receiver]   Command!: AT+CPMS?
[receiver]     Got lock
[receiver]       Write: "AT+CPMS?\r"
[receiver]       Waiting for response
[receiver]         Read: "\r\n"
[receiver]         Read: "+CPMS: \"SM\",0,20,\"SM\",0,20,\"SM\",0,20\r\n"
[receiver]         Read: "\r\n"
[receiver]         Read: "OK\r\n"
[receiver]       =["", "+CPMS: \"SM\",0,20,\"SM\",0,20,\"SM\",0,20", "", "OK"]
[receiver]   =["+CPMS: \"SM\",0,20,\"SM\",0,20,\"SM\",0,20", "OK"] // command!
[receiver] =["+CPMS: \"SM\",0,20,\"SM\",0,20,\"SM\",0,20", "OK"] // command
[receiver] Command: AT (#1 of 3)
[receiver]   Command!: AT
[receiver]     Got lock
[receiver]       Write: "AT\r"
[receiver]       Waiting for response
[receiver]         Read: "\r\n"
[receiver]         Read: "^STIN: 7, 0, 0\r\n"
[receiver]         Read: "\r\n"
[receiver]         Read: "OK\r\n"
[receiver]       =["", "^STIN: 7, 0, 0", "", "OK"]
[receiver]   =["^STIN: 7, 0, 0", "OK"] // command!
[receiver] =["^STIN: 7, 0, 0", "OK"] // command
[receiver] Command: AT+CPMS? (#1 of 3)
[receiver]   Command!: AT+CPMS?
[receiver]     Got lock
[receiver]       Write: "AT+CPMS?\r"
[receiver]       Waiting for response
[receiver]         Read: "\r\n"
[receiver]         Read: "+CPMS: \"SM\",0,20,\"SM\",0,20,\"SM\",0,20\r\n"
[receiver]         Read: "\r\n"
[receiver]         Read: "OK\r\n"
[receiver]       =["", "+CPMS: \"SM\",0,20,\"SM\",0,20,\"SM\",0,20", "", "OK"]
[receiver]   =["+CPMS: \"SM\",0,20,\"SM\",0,20,\"SM\",0,20", "OK"] // command!
[receiver] =["+CPMS: \"SM\",0,20,\"SM\",0,20,\"SM\",0,20", "OK"] // command
[receiver] Trying Command: AT+CNMI?
[receiver]   Command: AT+CNMI? (#1 of 3)
[receiver]     Command!: AT+CNMI?
[receiver]       Got lock
[receiver]         Write: "AT+CNMI?\r"
[receiver]         Waiting for response
[receiver]           Read: "\r\n"
[receiver]           Read: "+CNMI: 2,1,0,2,0\r\n"
[receiver]           Read: "\r\n"
[receiver]           Read: "OK\r\n"
[receiver]         =["", "+CNMI: 2,1,0,2,0", "", "OK"]
[receiver]     =["+CNMI: 2,1,0,2,0", "OK"] // command!
[receiver]   =["+CNMI: 2,1,0,2,0", "OK"] // command
[receiver] =["+CNMI: 2,1,0,2,0", "OK"] // try_command
[receiver] Trying Command: AT+CNMI=2,1,0,2,0
[receiver]   Command: AT+CNMI=2,1,0,2,0 (#1 of 3)
[receiver]     Command!: AT+CNMI=2,1,0,2,0
[receiver]       Got lock
[receiver]         Write: "AT+CNMI=2,1,0,2,0\r"
[receiver]         Waiting for response
[receiver]           Read: "\r\n"
[receiver]           Read: "OK\r\n"
[receiver]         =["", "OK"]
[receiver]     =["OK"] // command!
[receiver]   =["OK"] // command
[receiver] =["OK"] // try_command
[receiver] Command: AT (#1 of 3)
[receiver]   Command!: AT
[receiver]     Got lock
[receiver]       Write: "AT\r"
[receiver]       Waiting for response
[receiver]         Read: "\r\n"
[receiver]         Read: "^STIN: 7, 0, 0\r\n"
[receiver]         Read: "\r\n"
[receiver]         Read: "OK\r\n"
[receiver]       =["", "^STIN: 7, 0, 0", "", "OK"]
[receiver]   =["^STIN: 7, 0, 0", "OK"] // command!
[receiver] =["^STIN: 7, 0, 0", "OK"] // command
[receiver] Command: AT+CPMS? (#1 of 3)
[receiver]   Command!: AT+CPMS?
[receiver]     Got lock
[receiver]       Write: "AT+CPMS?\r"
[receiver]       Waiting for response
[receiver]         Read: "\r\n"
[receiver]         Read: "+CPMS: \"SM\",0,20,\"SM\",0,20,\"SM\",0,20\r\n"
[receiver]         Read: "\r\n"
[receiver]         Read: "OK\r\n"
[receiver]       =["", "+CPMS: \"SM\",0,20,\"SM\",0,20,\"SM\",0,20", "", "OK"]
[receiver]   =["+CPMS: \"SM\",0,20,\"SM\",0,20,\"SM\",0,20", "OK"] // command!
[receiver] =["+CPMS: \"SM\",0,20,\"SM\",0,20,\"SM\",0,20", "OK"] // command
[receiver] Command: AT (#1 of 3)
[receiver]   Command!: AT
[receiver]     Got lock
[receiver]       Write: "AT\r"
[receiver]       Waiting for response
[receiver]         Read: "\r\n"
[receiver]         Read: "^STIN: 7, 0, 0\r\n"
[receiver]         Read: "\r\n"
[receiver]         Read: "OK\r\n"
[receiver]       =["", "^STIN: 7, 0, 0", "", "OK"]
[receiver]   =["^STIN: 7, 0, 0", "OK"] // command!
[receiver] =["^STIN: 7, 0, 0", "OK"] // command
[receiver] Command: AT+CPMS? (#1 of 3)
[receiver]   Command!: AT+CPMS?
[receiver]     Got lock
[receiver]       Write: "AT+CPMS?\r"
[receiver]       Waiting for response
[receiver]         Read: "\r\n"
[receiver]         Read: "+CPMS: \"SM\",0,20,\"SM\",0,20,\"SM\",0,20\r\n"
[receiver]         Read: "\r\n"
[receiver]         Read: "OK\r\n"
[receiver]       =["", "+CPMS: \"SM\",0,20,\"SM\",0,20,\"SM\",0,20", "", "OK"]
[receiver]   =["+CPMS: \"SM\",0,20,\"SM\",0,20,\"SM\",0,20", "OK"] // command!
[receiver] =["+CPMS: \"SM\",0,20,\"SM\",0,20,\"SM\",0,20", "OK"] // command
[receiver] Command: AT+CMGF=1 (#1 of 3)
[receiver]   Command!: AT+CMGF=1
[receiver]     Got lock
[receiver]       Write: "AT+CMGF=1\r"
[receiver]       Waiting for response
[receiver]         Read: "\r\n"
[receiver]         Read: "^STIN: 7, 0, 0\r\n"
[receiver]         Read: "\r\n"
[receiver]         Read: "OK\r\n"
[receiver]       =["", "^STIN: 7, 0, 0", "", "OK"]
[receiver]   =["^STIN: 7, 0, 0", "OK"] // command!
[receiver] =["^STIN: 7, 0, 0", "OK"] // command
[receiver] Command: AT+CMGL="ALL" (#1 of 3)
[receiver]   Command!: AT+CMGL="ALL"
[receiver]     Got lock
[receiver]       Write: "AT+CMGL=\"ALL\"\r"
[receiver]       Waiting for response
[receiver]         Read: "\r\n"
[receiver]         Read: "OK\r\n"
[receiver]       =["", "OK"]
[receiver]   =["OK"] // command!
[receiver] =["OK"] // command
[receiver] Command: AT (#1 of 3)
[receiver]   Command!: AT
[receiver]     Got lock
[receiver]       Write: "AT\r"
[receiver]       Waiting for response
[receiver]         Read: "\r\n"
[receiver]         Read: "^STIN: 7, 0, 0\r\n"
[receiver]         Read: "\r\n"
[receiver]         Read: "OK\r\n"
[receiver]       =["", "^STIN: 7, 0, 0", "", "OK"]
[receiver]   =["^STIN: 7, 0, 0", "OK"] // command!
[receiver] =["^STIN: 7, 0, 0", "OK"] // command
[receiver] Command: AT+CPMS? (#1 of 3)
[receiver]   Command!: AT+CPMS?
[receiver]     Got lock
[receiver]       Write: "AT+CPMS?\r"
[receiver]       Waiting for response
[receiver]         Read: "\r\n"
[receiver]         Read: "+CPMS: \"SM\",0,20,\"SM\",0,20,\"SM\",0,20\r\n"
[receiver]         Read: "\r\n"
[receiver]         Read: "OK\r\n"
[receiver]       =["", "+CPMS: \"SM\",0,20,\"SM\",0,20,\"SM\",0,20", "", "OK"]
[receiver]   =["+CPMS: \"SM\",0,20,\"SM\",0,20,\"SM\",0,20", "OK"] // command!
[receiver] =["+CPMS: \"SM\",0,20,\"SM\",0,20,\"SM\",0,20", "OK"] // command
[receiver] Command: AT (#1 of 3)
[receiver]   Command!: AT
[receiver]     Got lock
[receiver]       Write: "AT\r"
[receiver]       Waiting for response
[receiver]         Read: "\r\n"
[receiver]         Read: "^STIN: 7, 0, 0\r\n"
[receiver]         Read: "\r\n"
[receiver]         Read: "OK\r\n"
[receiver]       =["", "^STIN: 7, 0, 0", "", "OK"]
[receiver]   =["^STIN: 7, 0, 0", "OK"] // command!
[receiver] =["^STIN: 7, 0, 0", "OK"] // command
[receiver] Command: AT+CPMS? (#1 of 3)
[receiver]   Command!: AT+CPMS?
[receiver]     Got lock
[receiver]       Write: "AT+CPMS?\r"
[receiver]       Waiting for response
[receiver]         Read: "\r\n"
[receiver]         Read: "+CPMS: \"SM\",0,20,\"SM\",0,20,\"SM\",0,20\r\n"
[receiver]         Read: "\r\n"
[receiver]         Read: "OK\r\n"
[receiver]       =["", "+CPMS: \"SM\",0,20,\"SM\",0,20,\"SM\",0,20", "", "OK"]
[receiver]   =["+CPMS: \"SM\",0,20,\"SM\",0,20,\"SM\",0,20", "OK"] // command!
[receiver] =["+CPMS: \"SM\",0,20,\"SM\",0,20,\"SM\",0,20", "OK"] // command
[receiver] Command: AT (#1 of 3)
[receiver]   Command!: AT
[receiver]     Got lock
[receiver]       Write: "AT\r"
[receiver]       Waiting for response
[receiver]         Read: "\r\n"
[receiver]         Read: "^STIN: 7, 0, 0\r\n"
[receiver]         Read: "\r\n"
[receiver]         Read: "OK\r\n"
[receiver]       =["", "^STIN: 7, 0, 0", "", "OK"]
[receiver]   =["^STIN: 7, 0, 0", "OK"] // command!
[receiver] =["^STIN: 7, 0, 0", "OK"] // command
[receiver] Command: AT+CPMS? (#1 of 3)
[receiver]   Command!: AT+CPMS?
[receiver]     Got lock
[receiver]       Write: "AT+CPMS?\r"
[receiver]       Waiting for response
[receiver]         Read: "\r\n"
[receiver]         Read: "+CPMS: \"SM\",0,20,\"SM\",0,20,\"SM\",0,20\r\n"
[receiver]         Read: "\r\n"
[receiver]         Read: "OK\r\n"
[receiver]       =["", "+CPMS: \"SM\",0,20,\"SM\",0,20,\"SM\",0,20", "", "OK"]
[receiver]   =["+CPMS: \"SM\",0,20,\"SM\",0,20,\"SM\",0,20", "OK"] // command!
[receiver] =["+CPMS: \"SM\",0,20,\"SM\",0,20,\"SM\",0,20", "OK"] // command
[receiver] Command: AT (#1 of 3)
[receiver]   Command!: AT
[receiver]     Got lock
[receiver]       Write: "AT\r"
[receiver]       Waiting for response
[receiver]         Read: "\r\n"
[receiver]         Read: "^STIN: 7, 0, 0\r\n"
[receiver]         Read: "\r\n"
[receiver]         Read: "OK\r\n"
[receiver]       =["", "^STIN: 7, 0, 0", "", "OK"]
[receiver]   =["^STIN: 7, 0, 0", "OK"] // command!
[receiver] =["^STIN: 7, 0, 0", "OK"] // command
[receiver] Command: AT+CPMS? (#1 of 3)
[receiver]   Command!: AT+CPMS?
[receiver]     Got lock
[receiver]       Write: "AT+CPMS?\r"
[receiver]       Waiting for response
[receiver]         Read: "\r\n"
[receiver]         Read: "+CPMS: \"SM\",0,20,\"SM\",0,20,\"SM\",0,20\r\n"
[receiver]         Read: "\r\n"
[receiver]         Read: "OK\r\n"
[receiver]       =["", "+CPMS: \"SM\",0,20,\"SM\",0,20,\"SM\",0,20", "", "OK"]
[receiver]   =["+CPMS: \"SM\",0,20,\"SM\",0,20,\"SM\",0,20", "OK"] // command!
[receiver] =["+CPMS: \"SM\",0,20,\"SM\",0,20,\"SM\",0,20", "OK"] // command
[receiver] Command: AT+CMGF=1 (#1 of 3)
[receiver]   Command!: AT+CMGF=1
[receiver]     Got lock
[receiver]       Write: "AT+CMGF=1\r"
[receiver]       Waiting for response
[receiver]         Read: "\r\n"
[receiver]         Read: "OK\r\n"
[receiver]       =["", "OK"]
[receiver]   =["OK"] // command!
[receiver] =["OK"] // command
[receiver] Command: AT+CMGL="ALL" (#1 of 3)
[receiver]   Command!: AT+CMGL="ALL"
[receiver]     Got lock
[receiver]       Write: "AT+CMGL=\"ALL\"\r"
[receiver]       Waiting for response
[receiver]         Read: "\r\n"
[receiver]         Read: "OK\r\n"
[receiver]       =["", "OK"]
[receiver]   =["OK"] // command!
[receiver] =["OK"] // command
[receiver] Command: AT (#1 of 3)
[receiver]   Command!: AT
[receiver]     Got lock
[receiver]       Write: "AT\r"
[receiver]       Waiting for response
[receiver]         Read: "\r\n"
[receiver]         Read: "^STIN: 7, 0, 0\r\n"
[receiver]         Read: "\r\n"
[receiver]         Read: "OK\r\n"
[receiver]       =["", "^STIN: 7, 0, 0", "", "OK"]
[receiver]   =["^STIN: 7, 0, 0", "OK"] // command!
[receiver] =["^STIN: 7, 0, 0", "OK"] // command
[receiver] Command: AT+CPMS? (#1 of 3)
[receiver]   Command!: AT+CPMS?
[receiver]     Got lock
[receiver]       Write: "AT+CPMS?\r"
[receiver]       Waiting for response
[receiver]         Read: "\r\n"
[receiver]         Read: "+CPMS: \"SM\",0,20,\"SM\",0,20,\"SM\",0,20\r\n"
[receiver]         Read: "\r\n"
[receiver]         Read: "OK\r\n"
[receiver]       =["", "+CPMS: \"SM\",0,20,\"SM\",0,20,\"SM\",0,20", "", "OK"]
[receiver]   =["+CPMS: \"SM\",0,20,\"SM\",0,20,\"SM\",0,20", "OK"] // command!
[receiver] =["+CPMS: \"SM\",0,20,\"SM\",0,20,\"SM\",0,20", "OK"] // command
[receiver] Command: AT (#1 of 3)
[receiver]   Command!: AT
[receiver]     Got lock
[receiver]       Write: "AT\r"
[receiver]       Waiting for response
[receiver]         Read: "\r\n"
[receiver]         Read: "^STIN: 7, 0, 0\r\n"
[receiver]         Read: "\r\n"
[receiver]         Read: "OK\r\n"
[receiver]       =["", "^STIN: 7, 0, 0", "", "OK"]
[receiver]   =["^STIN: 7, 0, 0", "OK"] // command!
[receiver] =["^STIN: 7, 0, 0", "OK"] // command
[receiver] Command: AT+CPMS? (#1 of 3)
[receiver]   Command!: AT+CPMS?
[receiver]     Got lock
[receiver]       Write: "AT+CPMS?\r"
[receiver]       Waiting for response
[receiver]         Read: "\r\n"
[receiver]         Read: "+CPMS: \"SM\",0,20,\"SM\",0,20,\"SM\",0,20\r\n"
[receiver]         Read: "\r\n"
[receiver]         Read: "OK\r\n"
[receiver]       =["", "+CPMS: \"SM\",0,20,\"SM\",0,20,\"SM\",0,20", "", "OK"]
[receiver]   =["+CPMS: \"SM\",0,20,\"SM\",0,20,\"SM\",0,20", "OK"] // command!
[receiver] =["+CPMS: \"SM\",0,20,\"SM\",0,20,\"SM\",0,20", "OK"] // command
[receiver] Command: AT (#1 of 3)
[receiver]   Command!: AT
[receiver]     Got lock
[receiver]       Write: "AT\r"
[receiver]       Waiting for response
[receiver]         Read: "\r\n"
[receiver]         Read: "^STIN: 7, 0, 0\r\n"
[receiver]         Read: "\r\n"
[receiver]         Read: "OK\r\n"
[receiver]       =["", "^STIN: 7, 0, 0", "", "OK"]
[receiver]   =["^STIN: 7, 0, 0", "OK"] // command!
[receiver] =["^STIN: 7, 0, 0", "OK"] // command
[receiver] Command: AT+CPMS? (#1 of 3)
[receiver]   Command!: AT+CPMS?
[receiver]     Got lock
[receiver]       Write: "AT+CPMS?\r"
[receiver]       Waiting for response
[receiver]         Read: "\r\n"
[receiver]         Read: "+CPMS: \"SM\",0,20,\"SM\",0,20,\"SM\",0,20\r\n"
[receiver]         Read: "\r\n"
[receiver]         Read: "OK\r\n"
[receiver]       =["", "+CPMS: \"SM\",0,20,\"SM\",0,20,\"SM\",0,20", "", "OK"]
[receiver]   =["+CPMS: \"SM\",0,20,\"SM\",0,20,\"SM\",0,20", "OK"] // command!
[receiver] =["+CPMS: \"SM\",0,20,\"SM\",0,20,\"SM\",0,20", "OK"] // command
[receiver] Command: AT (#1 of 3)
[receiver]   Command!: AT
[receiver]     Got lock
[receiver]       Write: "AT\r"
[receiver]       Waiting for response
[receiver]         Read: "\r\n"
[receiver]         Read: "^STIN: 7, 0, 0\r\n"
[receiver]         Read: "\r\n"
[receiver]         Read: "OK\r\n"
[receiver]       =["", "^STIN: 7, 0, 0", "", "OK"]
[receiver]   =["^STIN: 7, 0, 0", "OK"] // command!
[receiver] =["^STIN: 7, 0, 0", "OK"] // command
[receiver] Command: AT+CPMS? (#1 of 3)
[receiver]   Command!: AT+CPMS?
[receiver]     Got lock
[receiver]       Write: "AT+CPMS?\r"
[receiver]       Waiting for response
[receiver]         Read: "\r\n"
[receiver]         Read: "+CPMS: \"SM\",1,20,\"SM\",1,20,\"SM\",1,20\r\n"
[receiver]         Read: "\r\n"
[receiver]         Read: "OK\r\n"
[receiver]       =["", "+CPMS: \"SM\",1,20,\"SM\",1,20,\"SM\",1,20", "", "OK"]
[receiver]   =["+CPMS: \"SM\",1,20,\"SM\",1,20,\"SM\",1,20", "OK"] // command!
[receiver] =["+CPMS: \"SM\",1,20,\"SM\",1,20,\"SM\",1,20", "OK"] // command
[receiver] Trying Command: AT+CNMI?
[receiver]   Command: AT+CNMI? (#1 of 3)
[receiver]     Command!: AT+CNMI?
[receiver]       Got lock
[receiver]         Write: "AT+CNMI?\r"
[receiver]         Waiting for response
[receiver]           Read: "\r\n"
[receiver]           Read: "+CNMI: 2,1,0,2,0\r\n"
[receiver]           Read: "\r\n"
[receiver]           Read: "OK\r\n"
[receiver]         =["", "+CNMI: 2,1,0,2,0", "", "OK"]
[receiver]     =["+CNMI: 2,1,0,2,0", "OK"] // command!
[receiver]   =["+CNMI: 2,1,0,2,0", "OK"] // command
[receiver] =["+CNMI: 2,1,0,2,0", "OK"] // try_command
[receiver] Trying Command: AT+CNMI=2,1,0,2,0
[receiver]   Command: AT+CNMI=2,1,0,2,0 (#1 of 3)
[receiver]     Command!: AT+CNMI=2,1,0,2,0
[receiver]       Got lock
[receiver]         Write: "AT+CNMI=2,1,0,2,0\r"
[receiver]         Waiting for response
[receiver]           Read: "\r\n"
[receiver]           Read: "OK\r\n"
[receiver]         =["", "OK"]
[receiver]     =["OK"] // command!
[receiver]   =["OK"] // command
[receiver] =["OK"] // try_command
[receiver] Command: AT+CMGF=1 (#1 of 3)
[receiver]   Command!: AT+CMGF=1
[receiver]     Got lock
[receiver]       Write: "AT+CMGF=1\r"
[receiver]       Waiting for response
[receiver]         Read: "\r\n"
[receiver]         Read: "OK\r\n"
[receiver]       =["", "OK"]
[receiver]   =["OK"] // command!
[receiver] =["OK"] // command
[receiver] Command: AT+CMGL="ALL" (#1 of 3)
[receiver]   Command!: AT+CMGL="ALL"
[receiver]     Got lock
[receiver]       Write: "AT+CMGL=\"ALL\"\r"
[receiver]       Waiting for response
[receiver]         Read: "\r\n"
[receiver]         Read: "+CMGL: 0,\"REC UNREAD\",\"+5511969229749\",,\"13/03/28,18:06:39-12\"\r\n"
[receiver]         Read: "cadastrar cama 700\r\n"
[receiver]         Read: "\r\n"
[receiver]         Read: "OK\r\n"
[receiver]       =["", "+CMGL: 0,\"REC UNREAD\",\"+5511969229749\",,\"13/03/28,18:06:39-12\"", "cadastrar cama 700", "", "OK"]
[receiver]   =["+CMGL: 0,\"REC UNREAD\",\"+5511969229749\",,\"13/03/28,18:06:39-12\"", "cadastrar cama 700", "OK"] // command!
[receiver] =["+CMGL: 0,\"REC UNREAD\",\"+5511969229749\",,\"13/03/28,18:06:39-12\"", "cadastrar cama 700", "OK"] // command
[receiver] Fetched stored message from +5511969229749: "cadastrar cama 700"
[receiver] Trying Command: AT+CMGD=0
[receiver]   Command: AT+CMGD=0 (#1 of 3)
[receiver]     Command!: AT+CMGD=0
[receiver]       Got lock
[receiver]         Write: "AT+CMGD=0\r"
[receiver]         Waiting for response
[receiver]           Read: "\r\n"
[receiver]           Read: "OK\r\n"
[receiver]         =["", "OK"]
[receiver]     =["OK"] // command!
[receiver]   =["OK"] // command
[receiver] =["OK"] // try_command
[receiver] Error in callback: undefined method `args_to_float' for Sms(Table doesn't exist):Class
[receiver] Command: AT (#1 of 3)
[receiver]   Command!: AT
[receiver]     Got lock
[receiver]       Write: "AT\r"
[receiver]       Waiting for response
[receiver]         Read: "\r\n"
[receiver]         Read: "^STIN: 7, 0, 0\r\n"
[receiver]         Read: "\r\n"
[receiver]         Read: "OK\r\n"
[receiver]       =["", "^STIN: 7, 0, 0", "", "OK"]
[receiver]   =["^STIN: 7, 0, 0", "OK"] // command!
[receiver] =["^STIN: 7, 0, 0", "OK"] // command
[receiver] Command: AT+CPMS? (#1 of 3)
[receiver]   Command!: AT+CPMS?
[receiver]     Got lock
[receiver]       Write: "AT+CPMS?\r"
[receiver]       Waiting for response
[receiver]         Read: "\r\n"
[receiver]         Read: "+CPMS: \"SM\",0,20,\"SM\",0,20,\"SM\",0,20\r\n"
[receiver]         Read: "\r\n"
[receiver]         Read: "OK\r\n"
[receiver]       =["", "+CPMS: \"SM\",0,20,\"SM\",0,20,\"SM\",0,20", "", "OK"]
[receiver]   =["+CPMS: \"SM\",0,20,\"SM\",0,20,\"SM\",0,20", "OK"] // command!
[receiver] =["+CPMS: \"SM\",0,20,\"SM\",0,20,\"SM\",0,20", "OK"] // command
[receiver] Command: AT (#1 of 3)
[receiver]   Command!: AT
[receiver]     Got lock
[receiver]       Write: "AT\r"
[receiver]       Waiting for response
[receiver]         Read: "\r\n"
[receiver]         Read: "^STIN: 7, 0, 0\r\n"
[receiver]         Read: "\r\n"
[receiver]         Read: "OK\r\n"
[receiver]       =["", "^STIN: 7, 0, 0", "", "OK"]
[receiver]   =["^STIN: 7, 0, 0", "OK"] // command!
[receiver] =["^STIN: 7, 0, 0", "OK"] // command
[receiver] Command: AT+CPMS? (#1 of 3)
[receiver]   Command!: AT+CPMS?
[receiver]     Got lock
[receiver]       Write: "AT+CPMS?\r"
[receiver]       Waiting for response
[receiver]         Read: "\r\n"
[receiver]         Read: "+CPMS: \"SM\",0,20,\"SM\",0,20,\"SM\",0,20\r\n"
[receiver]         Read: "\r\n"
[receiver]         Read: "OK\r\n"
[receiver]       =["", "+CPMS: \"SM\",0,20,\"SM\",0,20,\"SM\",0,20", "", "OK"]
[receiver]   =["+CPMS: \"SM\",0,20,\"SM\",0,20,\"SM\",0,20", "OK"] // command!
[receiver] =["+CPMS: \"SM\",0,20,\"SM\",0,20,\"SM\",0,20", "OK"] // command
[receiver] Command: AT (#1 of 3)
[receiver]   Command!: AT
[receiver]     Got lock
[receiver]       Write: "AT\r"
[receiver]       Waiting for response
[receiver]         Read: "\r\n"
[receiver]         Read: "^STIN: 7, 0, 0\r\n"
[receiver]         Read: "\r\n"
[receiver]         Read: "OK\r\n"
[receiver]       =["", "^STIN: 7, 0, 0", "", "OK"]
[receiver]   =["^STIN: 7, 0, 0", "OK"] // command!
[receiver] =["^STIN: 7, 0, 0", "OK"] // command
[receiver] Command: AT+CPMS? (#1 of 3)
[receiver]   Command!: AT+CPMS?
[receiver]     Got lock
[receiver]       Write: "AT+CPMS?\r"
[receiver]       Waiting for response
[receiver]         Read: "\r\n"
[receiver]         Read: "+CPMS: \"SM\",0,20,\"SM\",0,20,\"SM\",0,20\r\n"
[receiver]         Read: "\r\n"
[receiver]         Read: "OK\r\n"
[receiver]       =["", "+CPMS: \"SM\",0,20,\"SM\",0,20,\"SM\",0,20", "", "OK"]
[receiver]   =["+CPMS: \"SM\",0,20,\"SM\",0,20,\"SM\",0,20", "OK"] // command!
[receiver] =["+CPMS: \"SM\",0,20,\"SM\",0,20,\"SM\",0,20", "OK"] // command
[receiver] Command: AT (#1 of 3)
[receiver]   Command!: AT
[receiver]     Got lock
[receiver]       Write: "AT\r"
[receiver]       Waiting for response
[receiver]         Read: "\r\n"
[receiver]         Read: "^STIN: 7, 0, 0\r\n"
[receiver]         Read: "\r\n"
[receiver]         Read: "OK\r\n"
[receiver]       =["", "^STIN: 7, 0, 0", "", "OK"]
[receiver]   =["^STIN: 7, 0, 0", "OK"] // command!
[receiver] =["^STIN: 7, 0, 0", "OK"] // command
[receiver] Command: AT+CPMS? (#1 of 3)
[receiver]   Command!: AT+CPMS?
[receiver]     Got lock
[receiver]       Write: "AT+CPMS?\r"
[receiver]       Waiting for response
[receiver]         Read: "\r\n"
[receiver]         Read: "+CPMS: \"SM\",0,20,\"SM\",0,20,\"SM\",0,20\r\n"
[receiver]         Read: "\r\n"
[receiver]         Read: "OK\r\n"
[receiver]       =["", "+CPMS: \"SM\",0,20,\"SM\",0,20,\"SM\",0,20", "", "OK"]
[receiver]   =["+CPMS: \"SM\",0,20,\"SM\",0,20,\"SM\",0,20", "OK"] // command!
[receiver] =["+CPMS: \"SM\",0,20,\"SM\",0,20,\"SM\",0,20", "OK"] // command
[receiver] Command: AT+CMGF=1 (#1 of 3)
[receiver]   Command!: AT+CMGF=1
[receiver]     Got lock
[receiver]       Write: "AT+CMGF=1\r"
[receiver]       Waiting for response
[receiver]         Read: "\r\n"
[receiver]         Read: "OK\r\n"
[receiver]       =["", "OK"]
[receiver]   =["OK"] // command!
[receiver] =["OK"] // command
[receiver] Command: AT+CMGL="ALL" (#1 of 3)
[receiver]   Command!: AT+CMGL="ALL"
[receiver]     Got lock
[receiver]       Write: "AT+CMGL=\"ALL\"\r"
[receiver]       Waiting for response
[receiver]         Read: "\r\n"
[receiver]         Read: "OK\r\n"
[receiver]       =["", "OK"]
[receiver]   =["OK"] // command!
[receiver] =["OK"] // command
[receiver] Command: AT (#1 of 3)
[receiver]   Command!: AT
[receiver]     Got lock
[receiver]       Write: "AT\r"
[receiver]       Waiting for response
[receiver]         Read: "\r\n"
[receiver]         Read: "^STIN: 7, 0, 0\r\n"
[receiver]         Read: "\r\n"
[receiver]         Read: "OK\r\n"
[receiver]       =["", "^STIN: 7, 0, 0", "", "OK"]
[receiver]   =["^STIN: 7, 0, 0", "OK"] // command!
[receiver] =["^STIN: 7, 0, 0", "OK"] // command
[receiver] Command: AT+CPMS? (#1 of 3)
[receiver]   Command!: AT+CPMS?
[receiver]     Got lock
[receiver]       Write: "AT+CPMS?\r"
[receiver]       Waiting for response
[receiver]         Read: "\r\n"
[receiver]         Read: "+CPMS: \"SM\",0,20,\"SM\",0,20,\"SM\",0,20\r\n"
[receiver]         Read: "\r\n"
[receiver]         Read: "OK\r\n"
[receiver]       =["", "+CPMS: \"SM\",0,20,\"SM\",0,20,\"SM\",0,20", "", "OK"]
[receiver]   =["+CPMS: \"SM\",0,20,\"SM\",0,20,\"SM\",0,20", "OK"] // command!
[receiver] =["+CPMS: \"SM\",0,20,\"SM\",0,20,\"SM\",0,20", "OK"] // command
[receiver] Command: AT (#1 of 3)
[receiver]   Command!: AT
[receiver]     Got lock
[receiver]       Write: "AT\r"
[receiver]       Waiting for response
[receiver]         Read: "\r\n"
[receiver]         Read: "^STIN: 7, 0, 0\r\n"
[receiver]         Read: "\r\n"
[receiver]         Read: "OK\r\n"
[receiver]       =["", "^STIN: 7, 0, 0", "", "OK"]
[receiver]   =["^STIN: 7, 0, 0", "OK"] // command!
[receiver] =["^STIN: 7, 0, 0", "OK"] // command
[receiver] Command: AT+CPMS? (#1 of 3)
[receiver]   Command!: AT+CPMS?
[receiver]     Got lock
[receiver]       Write: "AT+CPMS?\r"
[receiver]       Waiting for response
[receiver]         Read: "\r\n"
[receiver]         Read: "+CPMS: \"SM\",0,20,\"SM\",0,20,\"SM\",0,20\r\n"
[receiver]         Read: "\r\n"
[receiver]         Read: "OK\r\n"
[receiver]       =["", "+CPMS: \"SM\",0,20,\"SM\",0,20,\"SM\",0,20", "", "OK"]
[receiver]   =["+CPMS: \"SM\",0,20,\"SM\",0,20,\"SM\",0,20", "OK"] // command!
[receiver] =["+CPMS: \"SM\",0,20,\"SM\",0,20,\"SM\",0,20", "OK"] // command
[receiver] Command: AT (#1 of 3)
[receiver]   Command!: AT
[receiver]     Got lock
[receiver]       Write: "AT\r"
[receiver]       Waiting for response
[receiver]         Read: "\r\n"
[receiver]         Read: "^STIN: 7, 0, 0\r\n"
[receiver]         Read: "\r\n"
[receiver]         Read: "OK\r\n"
[receiver]       =["", "^STIN: 7, 0, 0", "", "OK"]
[receiver]   =["^STIN: 7, 0, 0", "OK"] // command!
[receiver] =["^STIN: 7, 0, 0", "OK"] // command
[receiver] Command: AT+CPMS? (#1 of 3)
[receiver]   Command!: AT+CPMS?
[receiver]     Got lock
[receiver]       Write: "AT+CPMS?\r"
[receiver]       Waiting for response
[receiver]         Read: "\r\n"
[receiver]         Read: "+CPMS: \"SM\",0,20,\"SM\",0,20,\"SM\",0,20\r\n"
[receiver]         Read: "\r\n"
[receiver]         Read: "OK\r\n"
[receiver]       =["", "+CPMS: \"SM\",0,20,\"SM\",0,20,\"SM\",0,20", "", "OK"]
[receiver]   =["+CPMS: \"SM\",0,20,\"SM\",0,20,\"SM\",0,20", "OK"] // command!
[receiver] =["+CPMS: \"SM\",0,20,\"SM\",0,20,\"SM\",0,20", "OK"] // command
[receiver] Command: AT (#1 of 3)
[receiver]   Command!: AT
[receiver]     Got lock
[receiver]       Write: "AT\r"
[receiver]       Waiting for response
[receiver]         Read: "\r\n"
[receiver]         Read: "^STIN: 7, 0, 0\r\n"
[receiver]         Read: "\r\n"
[receiver]         Read: "OK\r\n"
[receiver]       =["", "^STIN: 7, 0, 0", "", "OK"]
[receiver]   =["^STIN: 7, 0, 0", "OK"] // command!
[receiver] =["^STIN: 7, 0, 0", "OK"] // command
[receiver] Command: AT+CPMS? (#1 of 3)
[receiver]   Command!: AT+CPMS?
[receiver]     Got lock
[receiver]       Write: "AT+CPMS?\r"
[receiver]       Waiting for response
[receiver]         Read: "\r\n"
[receiver]         Read: "+CPMS: \"SM\",0,20,\"SM\",0,20,\"SM\",0,20\r\n"
[receiver]         Read: "\r\n"
[receiver]         Read: "OK\r\n"
[receiver]       =["", "+CPMS: \"SM\",0,20,\"SM\",0,20,\"SM\",0,20", "", "OK"]
[receiver]   =["+CPMS: \"SM\",0,20,\"SM\",0,20,\"SM\",0,20", "OK"] // command!
[receiver] =["+CPMS: \"SM\",0,20,\"SM\",0,20,\"SM\",0,20", "OK"] // command
[receiver] Command: AT+CMGF=1 (#1 of 3)
[receiver]   Command!: AT+CMGF=1
[receiver]     Got lock
[receiver]       Write: "AT+CMGF=1\r"
[receiver]       Waiting for response
[receiver]         Read: "\r\n"
[receiver]         Read: "OK\r\n"
[receiver]       =["", "OK"]
[receiver]   =["OK"] // command!
[receiver] =["OK"] // command
[receiver] Command: AT+CMGL="ALL" (#1 of 3)
[receiver]   Command!: AT+CMGL="ALL"
[receiver]     Got lock
[receiver]       Write: "AT+CMGL=\"ALL\"\r"
[receiver]       Waiting for response
[receiver]         Read: "\r\n"
[receiver]         Read: "OK\r\n"
[receiver]       =["", "OK"]
[receiver]   =["OK"] // command!
[receiver] =["OK"] // command
[receiver] Command: AT (#1 of 3)
[receiver]   Command!: AT
[receiver]     Got lock
[receiver]       Write: "AT\r"
[receiver]       Waiting for response
[receiver]         Read: "\r\n"
[receiver]         Read: "^STIN: 7, 0, 0\r\n"
[receiver]         Read: "\r\n"
[receiver]         Read: "OK\r\n"
[receiver]       =["", "^STIN: 7, 0, 0", "", "OK"]
[receiver]   =["^STIN: 7, 0, 0", "OK"] // command!
[receiver] =["^STIN: 7, 0, 0", "OK"] // command
[receiver] Command: AT+CPMS? (#1 of 3)
[receiver]   Command!: AT+CPMS?
[receiver]     Got lock
[receiver]       Write: "AT+CPMS?\r"
[receiver]       Waiting for response
[receiver]         Read: "\r\n"
[receiver]         Read: "^STIN: 7, 0, 0\r\n"
[receiver]         Read: "\r\n"
[receiver]         Read: "+CPMS: \"SM\",0,20,\"SM\",0,20,\"SM\",0,20\r\n"
[receiver]         Read: "\r\n"
[receiver]         Read: "OK\r\n"
[receiver]       =["", "^STIN: 7, 0, 0", "", "+CPMS: \"SM\",0,20,\"SM\",0,20,\"SM\",0,20", "", "OK"]
[receiver]   =["^STIN: 7, 0, 0", "+CPMS: \"SM\",0,20,\"SM\",0,20,\"SM\",0,20", "OK"] // command!
[receiver] =["^STIN: 7, 0, 0", "+CPMS: \"SM\",0,20,\"SM\",0,20,\"SM\",0,20", "OK"] // command
[receiver] Command: AT (#1 of 3)
[receiver]   Command!: AT
[receiver]     Got lock
[receiver]       Write: "AT\r"
[receiver]       Waiting for response
[receiver]         Read: "\r\n"
[receiver]         Read: "^STIN: 7, 0, 0\r\n"
[receiver]         Read: "\r\n"
[receiver]         Read: "OK\r\n"
[receiver]       =["", "^STIN: 7, 0, 0", "", "OK"]
[receiver]   =["^STIN: 7, 0, 0", "OK"] // command!
[receiver] =["^STIN: 7, 0, 0", "OK"] // command
[receiver] Command: AT+CPMS? (#1 of 3)
[receiver]   Command!: AT+CPMS?
[receiver]     Got lock
[receiver]       Write: "AT+CPMS?\r"
[receiver]       Waiting for response
[receiver]         Read: "\r\n"
[receiver]         Read: "+CPMS: \"SM\",1,20,\"SM\",1,20,\"SM\",1,20\r\n"
[receiver]         Read: "\r\n"
[receiver]         Read: "OK\r\n"
[receiver]       =["", "+CPMS: \"SM\",1,20,\"SM\",1,20,\"SM\",1,20", "", "OK"]
[receiver]   =["+CPMS: \"SM\",1,20,\"SM\",1,20,\"SM\",1,20", "OK"] // command!
[receiver] =["+CPMS: \"SM\",1,20,\"SM\",1,20,\"SM\",1,20", "OK"] // command
[receiver] Trying Command: AT+CNMI?
[receiver]   Command: AT+CNMI? (#1 of 3)
[receiver]     Command!: AT+CNMI?
[receiver]       Got lock
[receiver]         Write: "AT+CNMI?\r"
[receiver]         Waiting for response
[receiver]           Read: "\r\n"
[receiver]           Read: "+CNMI: 2,1,0,2,0\r\n"
[receiver]           Read: "\r\n"
[receiver]           Read: "OK\r\n"
[receiver]         =["", "+CNMI: 2,1,0,2,0", "", "OK"]
[receiver]     =["+CNMI: 2,1,0,2,0", "OK"] // command!
[receiver]   =["+CNMI: 2,1,0,2,0", "OK"] // command
[receiver] =["+CNMI: 2,1,0,2,0", "OK"] // try_command
[receiver] Trying Command: AT+CNMI=2,1,0,2,0
[receiver]   Command: AT+CNMI=2,1,0,2,0 (#1 of 3)
[receiver]     Command!: AT+CNMI=2,1,0,2,0
[receiver]       Got lock
[receiver]         Write: "AT+CNMI=2,1,0,2,0\r"
[receiver]         Waiting for response
[receiver]           Read: "\r\n"
[receiver]           Read: "OK\r\n"
[receiver]         =["", "OK"]
[receiver]     =["OK"] // command!
[receiver]   =["OK"] // command
[receiver] =["OK"] // try_command
[receiver] Command: AT (#1 of 3)
[receiver]   Command!: AT
[receiver]     Got lock
[receiver]       Write: "AT\r"
[receiver]       Waiting for response
[receiver]         Read: "\r\n"
[receiver]         Read: "^STIN: 7, 0, 0\r\n"
[receiver]         Read: "\r\n"
[receiver]         Read: "OK\r\n"
[receiver]       =["", "^STIN: 7, 0, 0", "", "OK"]
[receiver]   =["^STIN: 7, 0, 0", "OK"] // command!
[receiver] =["^STIN: 7, 0, 0", "OK"] // command
[receiver] Command: AT+CPMS? (#1 of 3)
[receiver]   Command!: AT+CPMS?
[receiver]     Got lock
[receiver]       Write: "AT+CPMS?\r"
[receiver]       Waiting for response
[receiver]         Read: "\r\n"
[receiver]         Read: "+CPMS: \"SM\",1,20,\"SM\",1,20,\"SM\",1,20\r\n"
[receiver]         Read: "\r\n"
[receiver]         Read: "OK\r\n"
[receiver]       =["", "+CPMS: \"SM\",1,20,\"SM\",1,20,\"SM\",1,20", "", "OK"]
[receiver]   =["+CPMS: \"SM\",1,20,\"SM\",1,20,\"SM\",1,20", "OK"] // command!
[receiver] =["+CPMS: \"SM\",1,20,\"SM\",1,20,\"SM\",1,20", "OK"] // command
[receiver] Command: AT (#1 of 3)
[receiver]   Command!: AT
[receiver]     Got lock
[receiver]       Write: "AT\r"
[receiver]       Waiting for response
[receiver]         Read: "\r\n"
[receiver]         Read: "^STIN: 7, 0, 0\r\n"
[receiver]         Read: "\r\n"
[receiver]         Read: "OK\r\n"
[receiver]       =["", "^STIN: 7, 0, 0", "", "OK"]
[receiver]   =["^STIN: 7, 0, 0", "OK"] // command!
[receiver] =["^STIN: 7, 0, 0", "OK"] // command
[receiver] Command: AT+CPMS? (#1 of 3)
[receiver]   Command!: AT+CPMS?
[receiver]     Got lock
[receiver]       Write: "AT+CPMS?\r"
[receiver]       Waiting for response
[receiver]         Read: "\r\n"
[receiver]         Read: "+CPMS: \"SM\",1,20,\"SM\",1,20,\"SM\",1,20\r\n"
[receiver]         Read: "\r\n"
[receiver]         Read: "OK\r\n"
[receiver]       =["", "+CPMS: \"SM\",1,20,\"SM\",1,20,\"SM\",1,20", "", "OK"]
[receiver]   =["+CPMS: \"SM\",1,20,\"SM\",1,20,\"SM\",1,20", "OK"] // command!
[receiver] =["+CPMS: \"SM\",1,20,\"SM\",1,20,\"SM\",1,20", "OK"] // command
[receiver] Command: AT+CMGF=1 (#1 of 3)
[receiver]   Command!: AT+CMGF=1
[receiver]     Got lock
[receiver]       Write: "AT+CMGF=1\r"
[receiver]       Waiting for response
[receiver]         Read: "\r\n"
[receiver]         Read: "OK\r\n"
[receiver]       =["", "OK"]
[receiver]   =["OK"] // command!
[receiver] =["OK"] // command
[receiver] Command: AT+CMGL="ALL" (#1 of 3)
[receiver]   Command!: AT+CMGL="ALL"
[receiver]     Got lock
[receiver]       Write: "AT+CMGL=\"ALL\"\r"
[receiver]       Waiting for response
[receiver]         Read: "\r\n"
[receiver]         Read: "+CMGL: 0,\"REC UNREAD\",\"+5511969229749\",,\"13/03/28,18:07:31-12\"\r\n"
[receiver]         Read: "consultar cama\r\n"
[receiver]         Read: "\r\n"
[receiver]         Read: "OK\r\n"
[receiver]       =["", "+CMGL: 0,\"REC UNREAD\",\"+5511969229749\",,\"13/03/28,18:07:31-12\"", "consultar cama", "", "OK"]
[receiver]   =["+CMGL: 0,\"REC UNREAD\",\"+5511969229749\",,\"13/03/28,18:07:31-12\"", "consultar cama", "OK"] // command!
[receiver] =["+CMGL: 0,\"REC UNREAD\",\"+5511969229749\",,\"13/03/28,18:07:31-12\"", "consultar cama", "OK"] // command
[receiver] Fetched stored message from +5511969229749: "consultar cama"
[receiver] Trying Command: AT+CMGD=0
[receiver]   Command: AT+CMGD=0 (#1 of 3)
[receiver]     Command!: AT+CMGD=0
[receiver]       Got lock
[receiver]         Write: "AT+CMGD=0\r"
[receiver]         Waiting for response
[receiver]           Read: "\r\n"
[receiver]           Read: "OK\r\n"
[receiver]         =["", "OK"]
[receiver]     =["OK"] // command!
[receiver]   =["OK"] // command
[receiver] =["OK"] // try_command
[receiver] Got lock
[receiver]   Sending SMS to +5511969229749: Nao encontramos sua busca
[receiver]     Attempt 1 of 2
[receiver]     Command!: AT+CMGS="+5511969229749"
[receiver]       Got lock
[receiver]         Write: "AT+CMGS=\"+5511969229749\"\r"
[receiver]         Waiting for response
[receiver]           Read: "\r\n"
[receiver]           Read: "> "
[receiver]         =["", ">"]
[receiver]     =[">"] // command!
[receiver]     Write: "Nao encontramos sua busca\x1A"
[receiver]     Waiting for response
[receiver]       Read: "\r\n"
[receiver]       Read: "+CMGS: 22\r\n"
[receiver]       Read: "\r\n"
[receiver]       Read: "OK\r\n"
[receiver]     =["", "+CMGS: 22", "", "OK"]
[receiver] Command: AT (#1 of 3)
[receiver]   Command!: AT
[receiver]     Got lock
[receiver]       Write: "AT\r"
[receiver]       Waiting for response
[receiver]         Read: "\r\n"
[receiver]         Read: "^STIN: 7, 0, 0\r\n"
[receiver]         Read: "\r\n"
[receiver]         Read: "OK\r\n"
[receiver]       =["", "^STIN: 7, 0, 0", "", "OK"]
[receiver]   =["^STIN: 7, 0, 0", "OK"] // command!
[receiver] =["^STIN: 7, 0, 0", "OK"] // command
[receiver] Command: AT+CPMS? (#1 of 3)
[receiver]   Command!: AT+CPMS?
[receiver]     Got lock
[receiver]       Write: "AT+CPMS?\r"
[receiver]       Waiting for response
[receiver]         Read: "\r\n"
[receiver]         Read: "+CPMS: \"SM\",0,20,\"SM\",0,20,\"SM\",0,20\r\n"
[receiver]         Read: "\r\n"
[receiver]         Read: "OK\r\n"
[receiver]       =["", "+CPMS: \"SM\",0,20,\"SM\",0,20,\"SM\",0,20", "", "OK"]
[receiver]   =["+CPMS: \"SM\",0,20,\"SM\",0,20,\"SM\",0,20", "OK"] // command!
[receiver] =["+CPMS: \"SM\",0,20,\"SM\",0,20,\"SM\",0,20", "OK"] // command
[receiver] Command: AT (#1 of 3)
[receiver]   Command!: AT
[receiver]     Got lock
[receiver]       Write: "AT\r"
[receiver]       Waiting for response
[receiver]         Read: "\r\n"
[receiver]         Read: "^STIN: 7, 0, 0\r\n"
[receiver]         Read: "\r\n"
[receiver]         Read: "^STIN: 7, 0, 0\r\n"
[receiver]         Read: "\r\n"
[receiver]         Read: "OK\r\n"
[receiver]       =["", "^STIN: 7, 0, 0", "", "^STIN: 7, 0, 0", "", "OK"]
[receiver]   =["^STIN: 7, 0, 0", "^STIN: 7, 0, 0", "OK"] // command!
[receiver] =["^STIN: 7, 0, 0", "^STIN: 7, 0, 0", "OK"] // command
[receiver] Command: AT+CPMS? (#1 of 3)
[receiver]   Command!: AT+CPMS?
[receiver]     Got lock
[receiver]       Write: "AT+CPMS?\r"
[receiver]       Waiting for response
[receiver]         Read: "\r\n"
[receiver]         Read: "+CPMS: \"SM\",0,20,\"SM\",0,20,\"SM\",0,20\r\n"
[receiver]         Read: "\r\n"
[receiver]         Read: "OK\r\n"
[receiver]       =["", "+CPMS: \"SM\",0,20,\"SM\",0,20,\"SM\",0,20", "", "OK"]
[receiver]   =["+CPMS: \"SM\",0,20,\"SM\",0,20,\"SM\",0,20", "OK"] // command!
[receiver] =["+CPMS: \"SM\",0,20,\"SM\",0,20,\"SM\",0,20", "OK"] // command
[receiver] Command: AT (#1 of 3)
[receiver]   Command!: AT
[receiver]     Got lock
[receiver]       Write: "AT\r"
[receiver]       Waiting for response
[receiver]         Read: "\r\n"
[receiver]         Read: "^STIN: 7, 0, 0\r\n"
[receiver]         Read: "\r\n"
[receiver]         Read: "OK\r\n"
[receiver]       =["", "^STIN: 7, 0, 0", "", "OK"]
[receiver]   =["^STIN: 7, 0, 0", "OK"] // command!
[receiver] =["^STIN: 7, 0, 0", "OK"] // command
[receiver] Command: AT+CPMS? (#1 of 3)
[receiver]   Command!: AT+CPMS?
[receiver]     Got lock
[receiver]       Write: "AT+CPMS?\r"
[receiver]       Waiting for response
[receiver]         Read: "\r\n"
[receiver]         Read: "+CPMS: \"SM\",0,20,\"SM\",0,20,\"SM\",0,20\r\n"
[receiver]         Read: "\r\n"
[receiver]         Read: "OK\r\n"
[receiver]       =["", "+CPMS: \"SM\",0,20,\"SM\",0,20,\"SM\",0,20", "", "OK"]
[receiver]   =["+CPMS: \"SM\",0,20,\"SM\",0,20,\"SM\",0,20", "OK"] // command!
[receiver] =["+CPMS: \"SM\",0,20,\"SM\",0,20,\"SM\",0,20", "OK"] // command
[receiver] Command: AT (#1 of 3)
[receiver]   Command!: AT
[receiver]     Got lock
[receiver]       Write: "AT\r"
[receiver]       Waiting for response
[receiver]         Read: "\r\n"
[receiver]         Read: "^STIN: 7, 0, 0\r\n"
[receiver]         Read: "\r\n"
[receiver]         Read: "OK\r\n"
[receiver]       =["", "^STIN: 7, 0, 0", "", "OK"]
[receiver]   =["^STIN: 7, 0, 0", "OK"] // command!
[receiver] =["^STIN: 7, 0, 0", "OK"] // command
[receiver] Command: AT+CPMS? (#1 of 3)
[receiver]   Command!: AT+CPMS?
[receiver]     Got lock
[receiver]       Write: "AT+CPMS?\r"
[receiver]       Waiting for response
[receiver]         Read: "\r\n"
[receiver]         Read: "+CPMS: \"SM\",0,20,\"SM\",0,20,\"SM\",0,20\r\n"
[receiver]         Read: "\r\n"
[receiver]         Read: "OK\r\n"
[receiver]       =["", "+CPMS: \"SM\",0,20,\"SM\",0,20,\"SM\",0,20", "", "OK"]
[receiver]   =["+CPMS: \"SM\",0,20,\"SM\",0,20,\"SM\",0,20", "OK"] // command!
[receiver] =["+CPMS: \"SM\",0,20,\"SM\",0,20,\"SM\",0,20", "OK"] // command
[receiver] Command: AT+CMGF=1 (#1 of 3)
[receiver]   Command!: AT+CMGF=1
[receiver]     Got lock
[receiver]       Write: "AT+CMGF=1\r"
[receiver]       Waiting for response
[receiver]         Read: "\r\n"
[receiver]         Read: "OK\r\n"
[receiver]       =["", "OK"]
[receiver]   =["OK"] // command!
[receiver] =["OK"] // command
[receiver] Command: AT+CMGL="ALL" (#1 of 3)
[receiver]   Command!: AT+CMGL="ALL"
[receiver]     Got lock
[receiver]       Write: "AT+CMGL=\"ALL\"\r"
[receiver]       Waiting for response
[receiver]         Read: "\r\n"
[receiver]         Read: "OK\r\n"
[receiver]       =["", "OK"]
[receiver]   =["OK"] // command!
[receiver] =["OK"] // command
[receiver] Command: AT (#1 of 3)
[receiver]   Command!: AT
[receiver]     Got lock
[receiver]       Write: "AT\r"
[receiver]       Waiting for response
[receiver]         Read: "\r\n"
[receiver]         Read: "^STIN: 7, 0, 0\r\n"
[receiver]         Read: "\r\n"
[receiver]         Read: "OK\r\n"
[receiver]       =["", "^STIN: 7, 0, 0", "", "OK"]
[receiver]   =["^STIN: 7, 0, 0", "OK"] // command!
[receiver] =["^STIN: 7, 0, 0", "OK"] // command
[receiver] Command: AT+CPMS? (#1 of 3)
[receiver]   Command!: AT+CPMS?
[receiver]     Got lock
[receiver]       Write: "AT+CPMS?\r"
[receiver]       Waiting for response
[receiver]         Read: "\r\n"
[receiver]         Read: "+CPMS: \"SM\",0,20,\"SM\",0,20,\"SM\",0,20\r\n"
[receiver]         Read: "\r\n"
[receiver]         Read: "OK\r\n"
[receiver]       =["", "+CPMS: \"SM\",0,20,\"SM\",0,20,\"SM\",0,20", "", "OK"]
[receiver]   =["+CPMS: \"SM\",0,20,\"SM\",0,20,\"SM\",0,20", "OK"] // command!
[receiver] =["+CPMS: \"SM\",0,20,\"SM\",0,20,\"SM\",0,20", "OK"] // command
[receiver] Command: AT (#1 of 3)
[receiver]   Command!: AT
[receiver]     Got lock
[receiver]       Write: "AT\r"
[receiver]       Waiting for response
[receiver]         Read: "\r\n"
[receiver]         Read: "^STIN: 7, 0, 0\r\n"
[receiver]         Read: "\r\n"
[receiver]         Read: "OK\r\n"
[receiver]       =["", "^STIN: 7, 0, 0", "", "OK"]
[receiver]   =["^STIN: 7, 0, 0", "OK"] // command!
[receiver] =["^STIN: 7, 0, 0", "OK"] // command
[receiver] Command: AT+CPMS? (#1 of 3)
[receiver]   Command!: AT+CPMS?
[receiver]     Got lock
[receiver]       Write: "AT+CPMS?\r"
[receiver]       Waiting for response
[receiver]         Read: "\r\n"
[receiver]         Read: "+CPMS: \"SM\",0,20,\"SM\",0,20,\"SM\",0,20\r\n"
[receiver]         Read: "\r\n"
[receiver]         Read: "OK\r\n"
[receiver]       =["", "+CPMS: \"SM\",0,20,\"SM\",0,20,\"SM\",0,20", "", "OK"]
[receiver]   =["+CPMS: \"SM\",0,20,\"SM\",0,20,\"SM\",0,20", "OK"] // command!
[receiver] =["+CPMS: \"SM\",0,20,\"SM\",0,20,\"SM\",0,20", "OK"] // command
[receiver] Command: AT (#1 of 3)
[receiver]   Command!: AT
[receiver]     Got lock
[receiver]       Write: "AT\r"
[receiver]       Waiting for response
[receiver]         Read: "\r\n"
[receiver]         Read: "^STIN: 7, 0, 0\r\n"
[receiver]         Read: "\r\n"
[receiver]         Read: "OK\r\n"
[receiver]       =["", "^STIN: 7, 0, 0", "", "OK"]
[receiver]   =["^STIN: 7, 0, 0", "OK"] // command!
[receiver] =["^STIN: 7, 0, 0", "OK"] // command
[receiver] Command: AT+CPMS? (#1 of 3)
[receiver]   Command!: AT+CPMS?
[receiver]     Got lock
[receiver]       Write: "AT+CPMS?\r"
[receiver]       Waiting for response
[receiver]         Read: "\r\n"
[receiver]         Read: "+CPMS: \"SM\",0,20,\"SM\",0,20,\"SM\",0,20\r\n"
[receiver]         Read: "\r\n"
[receiver]         Read: "OK\r\n"
[receiver]       =["", "+CPMS: \"SM\",0,20,\"SM\",0,20,\"SM\",0,20", "", "OK"]
[receiver]   =["+CPMS: \"SM\",0,20,\"SM\",0,20,\"SM\",0,20", "OK"] // command!
[receiver] =["+CPMS: \"SM\",0,20,\"SM\",0,20,\"SM\",0,20", "OK"] // command
[receiver] Command: AT (#1 of 3)
[receiver]   Command!: AT
[receiver]     Got lock
[receiver]       Write: "AT\r"
[receiver]       Waiting for response
[receiver]         Read: "\r\n"
[receiver]         Read: "^STIN: 7, 0, 0\r\n"
[receiver]         Read: "\r\n"
[receiver]         Read: "OK\r\n"
[receiver]       =["", "^STIN: 7, 0, 0", "", "OK"]
[receiver]   =["^STIN: 7, 0, 0", "OK"] // command!
[receiver] =["^STIN: 7, 0, 0", "OK"] // command
[receiver] Command: AT+CPMS? (#1 of 3)
[receiver]   Command!: AT+CPMS?
[receiver]     Got lock
[receiver]       Write: "AT+CPMS?\r"
[receiver]       Waiting for response
[receiver]         Read: "\r\n"
[receiver]         Read: "+CPMS: \"SM\",0,20,\"SM\",0,20,\"SM\",0,20\r\n"
[receiver]         Read: "\r\n"
[receiver]         Read: "OK\r\n"
[receiver]       =["", "+CPMS: \"SM\",0,20,\"SM\",0,20,\"SM\",0,20", "", "OK"]
[receiver]   =["+CPMS: \"SM\",0,20,\"SM\",0,20,\"SM\",0,20", "OK"] // command!
[receiver] =["+CPMS: \"SM\",0,20,\"SM\",0,20,\"SM\",0,20", "OK"] // command
[receiver] Trying Command: AT+CNMI?
[receiver]   Command: AT+CNMI? (#1 of 3)
[receiver]     Command!: AT+CNMI?
[receiver]       Got lock
[receiver]         Write: "AT+CNMI?\r"
[receiver]         Waiting for response
[receiver]           Read: "\r\n"
[receiver]           Read: "+CNMI: 2,1,0,2,0\r\n"
[receiver]           Read: "\r\n"
[receiver]           Read: "OK\r\n"
[receiver]         =["", "+CNMI: 2,1,0,2,0", "", "OK"]
[receiver]     =["+CNMI: 2,1,0,2,0", "OK"] // command!
[receiver]   =["+CNMI: 2,1,0,2,0", "OK"] // command
[receiver] =["+CNMI: 2,1,0,2,0", "OK"] // try_command
[receiver] Trying Command: AT+CNMI=2,1,0,2,0
[receiver]   Command: AT+CNMI=2,1,0,2,0 (#1 of 3)
[receiver]     Command!: AT+CNMI=2,1,0,2,0
[receiver]       Got lock
[receiver]         Write: "AT+CNMI=2,1,0,2,0\r"
[receiver]         Waiting for response
[receiver]           Read: "\r\n"
[receiver]           Read: "OK\r\n"
[receiver]         =["", "OK"]
[receiver]     =["OK"] // command!
[receiver]   =["OK"] // command
[receiver] =["OK"] // try_command
[receiver] Command: AT+CMGF=1 (#1 of 3)
[receiver]   Command!: AT+CMGF=1
[receiver]     Got lock
[receiver]       Write: "AT+CMGF=1\r"
[receiver]       Waiting for response
[receiver]         Read: "\r\n"
[receiver]         Read: "OK\r\n"
[receiver]       =["", "OK"]
[receiver]   =["OK"] // command!
[receiver] =["OK"] // command
[receiver] Command: AT+CMGL="ALL" (#1 of 3)
[receiver]   Command!: AT+CMGL="ALL"
[receiver]     Got lock
[receiver]       Write: "AT+CMGL=\"ALL\"\r"
[receiver]       Waiting for response
[receiver]         Read: "\r\n"
[receiver]         Read: "OK\r\n"
[receiver]       =["", "OK"]
[receiver]   =["OK"] // command!
[receiver] =["OK"] // command
[receiver] Command: AT (#1 of 3)
[receiver]   Command!: AT
[receiver]     Got lock
[receiver]       Write: "AT\r"
[receiver]       Waiting for response
[receiver]         Read: "\r\n"
[receiver]         Read: "^STIN: 7, 0, 0\r\n"
[receiver]         Read: "\r\n"
[receiver]         Read: "OK\r\n"
[receiver]       =["", "^STIN: 7, 0, 0", "", "OK"]
[receiver]   =["^STIN: 7, 0, 0", "OK"] // command!
[receiver] =["^STIN: 7, 0, 0", "OK"] // command
[receiver] Command: AT+CPMS? (#1 of 3)
[receiver]   Command!: AT+CPMS?
[receiver]     Got lock
[receiver]       Write: "AT+CPMS?\r"
[receiver]       Waiting for response
[receiver]         Read: "\r\n"
[receiver]         Read: "+CPMS: \"SM\",0,20,\"SM\",0,20,\"SM\",0,20\r\n"
[receiver]         Read: "\r\n"
[receiver]         Read: "OK\r\n"
[receiver]       =["", "+CPMS: \"SM\",0,20,\"SM\",0,20,\"SM\",0,20", "", "OK"]
[receiver]   =["+CPMS: \"SM\",0,20,\"SM\",0,20,\"SM\",0,20", "OK"] // command!
[receiver] =["+CPMS: \"SM\",0,20,\"SM\",0,20,\"SM\",0,20", "OK"] // command
[receiver] Command: AT (#1 of 3)
[receiver]   Command!: AT
[receiver]     Got lock
[receiver]       Write: "AT\r"
[receiver]       Waiting for response
[receiver]         Read: "\r\n"
[receiver]         Read: "^STIN: 7, 0, 0\r\n"
[receiver]         Read: "\r\n"
[receiver]         Read: "OK\r\n"
[receiver]       =["", "^STIN: 7, 0, 0", "", "OK"]
[receiver]   =["^STIN: 7, 0, 0", "OK"] // command!
[receiver] =["^STIN: 7, 0, 0", "OK"] // command
[receiver] Command: AT+CPMS? (#1 of 3)
[receiver]   Command!: AT+CPMS?
[receiver]     Got lock
[receiver]       Write: "AT+CPMS?\r"
[receiver]       Waiting for response
[receiver]         Read: "\r\n"
[receiver]         Read: "+CPMS: \"SM\",0,20,\"SM\",0,20,\"SM\",0,20\r\n"
[receiver]         Read: "\r\n"
[receiver]         Read: "OK\r\n"
[receiver]       =["", "+CPMS: \"SM\",0,20,\"SM\",0,20,\"SM\",0,20", "", "OK"]
[receiver]   =["+CPMS: \"SM\",0,20,\"SM\",0,20,\"SM\",0,20", "OK"] // command!
[receiver] =["+CPMS: \"SM\",0,20,\"SM\",0,20,\"SM\",0,20", "OK"] // command
[receiver] Command: AT (#1 of 3)
[receiver]   Command!: AT
[receiver]     Got lock
[receiver]       Write: "AT\r"
[receiver]       Waiting for response
[receiver]         Read: "\r\n"
[receiver]         Read: "^STIN: 7, 0, 0\r\n"
[receiver]         Read: "\r\n"
[receiver]         Read: "OK\r\n"
[receiver]       =["", "^STIN: 7, 0, 0", "", "OK"]
[receiver]   =["^STIN: 7, 0, 0", "OK"] // command!
[receiver] =["^STIN: 7, 0, 0", "OK"] // command
[receiver] Command: AT+CPMS? (#1 of 3)
[receiver]   Command!: AT+CPMS?
[receiver]     Got lock
[receiver]       Write: "AT+CPMS?\r"
[receiver]       Waiting for response
[receiver]         Read: "\r\n"
[receiver]         Read: "+CPMS: \"SM\",0,20,\"SM\",0,20,\"SM\",0,20\r\n"
[receiver]         Read: "\r\n"
[receiver]         Read: "OK\r\n"
[receiver]       =["", "+CPMS: \"SM\",0,20,\"SM\",0,20,\"SM\",0,20", "", "OK"]
[receiver]   =["+CPMS: \"SM\",0,20,\"SM\",0,20,\"SM\",0,20", "OK"] // command!
[receiver] =["+CPMS: \"SM\",0,20,\"SM\",0,20,\"SM\",0,20", "OK"] // command
[receiver] Command: AT (#1 of 3)
[receiver]   Command!: AT
[receiver]     Got lock
[receiver]       Write: "AT\r"
[receiver]       Waiting for response
[receiver]         Read: "\r\n"
[receiver]         Read: "^STIN: 7, 0, 0\r\n"
[receiver]         Read: "\r\n"
[receiver]         Read: "OK\r\n"
[receiver]       =["", "^STIN: 7, 0, 0", "", "OK"]
[receiver]   =["^STIN: 7, 0, 0", "OK"] // command!
[receiver] =["^STIN: 7, 0, 0", "OK"] // command
[receiver] Command: AT+CPMS? (#1 of 3)
[receiver]   Command!: AT+CPMS?
[receiver]     Got lock
[receiver]       Write: "AT+CPMS?\r"
[receiver]       Waiting for response
[receiver]         Read: "\r\n"
[receiver]         Read: "+CPMS: \"SM\",0,20,\"SM\",0,20,\"SM\",0,20\r\n"
[receiver]         Read: "\r\n"
[receiver]         Read: "OK\r\n"
[receiver]       =["", "+CPMS: \"SM\",0,20,\"SM\",0,20,\"SM\",0,20", "", "OK"]
[receiver]   =["+CPMS: \"SM\",0,20,\"SM\",0,20,\"SM\",0,20", "OK"] // command!
[receiver] =["+CPMS: \"SM\",0,20,\"SM\",0,20,\"SM\",0,20", "OK"] // command
[receiver] Command: AT+CMGF=1 (#1 of 3)
[receiver]   Command!: AT+CMGF=1
[receiver]     Got lock
[receiver]       Write: "AT+CMGF=1\r"
[receiver]       Waiting for response
[receiver]         Read: "\r\n"
[receiver]         Read: "OK\r\n"
[receiver]       =["", "OK"]
[receiver]   =["OK"] // command!
[receiver] =["OK"] // command
[receiver] Command: AT+CMGL="ALL" (#1 of 3)
[receiver]   Command!: AT+CMGL="ALL"
[receiver]     Got lock
[receiver]       Write: "AT+CMGL=\"ALL\"\r"
[receiver]       Waiting for response
[receiver]         Read: "\r\n"
[receiver]         Read: "OK\r\n"
[receiver]       =["", "OK"]
[receiver]   =["OK"] // command!
[receiver] =["OK"] // command
[receiver] Command: AT (#1 of 3)
[receiver]   Command!: AT
[receiver]     Got lock
[receiver]       Write: "AT\r"
[receiver]       Waiting for response
[receiver]         Read: "\r\n"
[receiver]         Read: "^STIN: 99, 0, 0\r\n"
[receiver]         Read: "\r\n"
[receiver]         Read: "^STIN: 7, 0, 0\r\n"
[receiver]         Read: "\r\n"
[receiver]         Read: "OK\r\n"
[receiver]       =["", "^STIN: 99, 0, 0", "", "^STIN: 7, 0, 0", "", "OK"]
[receiver]   =["^STIN: 99, 0, 0", "^STIN: 7, 0, 0", "OK"] // command!
[receiver] =["^STIN: 99, 0, 0", "^STIN: 7, 0, 0", "OK"] // command
[receiver] Command: AT+CPMS? (#1 of 3)
[receiver]   Command!: AT+CPMS?
[receiver]     Got lock
[receiver]       Write: "AT+CPMS?\r"
[receiver]       Waiting for response
[receiver]         Read: "\r\n"
[receiver]         Read: "+CPMS: \"SM\",0,20,\"SM\",0,20,\"SM\",0,20\r\n"
[receiver]         Read: "\r\n"
[receiver]         Read: "OK\r\n"
[receiver]       =["", "+CPMS: \"SM\",0,20,\"SM\",0,20,\"SM\",0,20", "", "OK"]
[receiver]   =["+CPMS: \"SM\",0,20,\"SM\",0,20,\"SM\",0,20", "OK"] // command!
[receiver] =["+CPMS: \"SM\",0,20,\"SM\",0,20,\"SM\",0,20", "OK"] // command
[receiver] Command: AT (#1 of 3)
[receiver]   Command!: AT
[receiver]     Got lock
[receiver]       Write: "AT\r"
[receiver]       Waiting for response
[receiver]         Read: "\r\n"
[receiver]         Read: "^STIN: 7, 0, 0\r\n"
[receiver]         Read: "\r\n"
[receiver]         Read: "OK\r\n"
[receiver]       =["", "^STIN: 7, 0, 0", "", "OK"]
[receiver]   =["^STIN: 7, 0, 0", "OK"] // command!
[receiver] =["^STIN: 7, 0, 0", "OK"] // command
[receiver] Command: AT+CPMS? (#1 of 3)
[receiver]   Command!: AT+CPMS?
[receiver]     Got lock
[receiver]       Write: "AT+CPMS?\r"
[receiver]       Waiting for response
[receiver]         Read: "\r\n"
[receiver]         Read: "+CPMS: \"SM\",0,20,\"SM\",0,20,\"SM\",0,20\r\n"
[receiver]         Read: "\r\n"
[receiver]         Read: "OK\r\n"
[receiver]       =["", "+CPMS: \"SM\",0,20,\"SM\",0,20,\"SM\",0,20", "", "OK"]
[receiver]   =["+CPMS: \"SM\",0,20,\"SM\",0,20,\"SM\",0,20", "OK"] // command!
[receiver] =["+CPMS: \"SM\",0,20,\"SM\",0,20,\"SM\",0,20", "OK"] // command
[receiver] Command: AT (#1 of 3)
[receiver]   Command!: AT
[receiver]     Got lock
[receiver]       Write: "AT\r"
[receiver]       Waiting for response
[receiver]         Read: "\r\n"
[receiver]         Read: "^STIN: 7, 0, 0\r\n"
[receiver]         Read: "\r\n"
[receiver]         Read: "OK\r\n"
[receiver]       =["", "^STIN: 7, 0, 0", "", "OK"]
[receiver]   =["^STIN: 7, 0, 0", "OK"] // command!
[receiver] =["^STIN: 7, 0, 0", "OK"] // command
[receiver] Command: AT+CPMS? (#1 of 3)
[receiver]   Command!: AT+CPMS?
[receiver]     Got lock
[receiver]       Write: "AT+CPMS?\r"
[receiver]       Waiting for response
[receiver]         Read: "\r\n"
[receiver]         Read: "+CPMS: \"SM\",0,20,\"SM\",0,20,\"SM\",0,20\r\n"
[receiver]         Read: "\r\n"
[receiver]         Read: "OK\r\n"
[receiver]       =["", "+CPMS: \"SM\",0,20,\"SM\",0,20,\"SM\",0,20", "", "OK"]
[receiver]   =["+CPMS: \"SM\",0,20,\"SM\",0,20,\"SM\",0,20", "OK"] // command!
[receiver] =["+CPMS: \"SM\",0,20,\"SM\",0,20,\"SM\",0,20", "OK"] // command
[receiver] Command: AT (#1 of 3)
[receiver]   Command!: AT
[receiver]     Got lock
[receiver]       Write: "AT\r"
[receiver]       Waiting for response
[receiver]         Read: "\r\n"
[receiver]         Read: "^STIN: 7, 0, 0\r\n"
[receiver]         Read: "\r\n"
[receiver]         Read: "OK\r\n"
[receiver]       =["", "^STIN: 7, 0, 0", "", "OK"]
[receiver]   =["^STIN: 7, 0, 0", "OK"] // command!
[receiver] =["^STIN: 7, 0, 0", "OK"] // command
[receiver] Command: AT+CPMS? (#1 of 3)
[receiver]   Command!: AT+CPMS?
[receiver]     Got lock
[receiver]       Write: "AT+CPMS?\r"
[receiver]       Waiting for response
[receiver]         Read: "\r\n"
[receiver]         Read: "+CPMS: \"SM\",0,20,\"SM\",0,20,\"SM\",0,20\r\n"
[receiver]         Read: "\r\n"
[receiver]         Read: "OK\r\n"
[receiver]       =["", "+CPMS: \"SM\",0,20,\"SM\",0,20,\"SM\",0,20", "", "OK"]
[receiver]   =["+CPMS: \"SM\",0,20,\"SM\",0,20,\"SM\",0,20", "OK"] // command!
[receiver] =["+CPMS: \"SM\",0,20,\"SM\",0,20,\"SM\",0,20", "OK"] // command
[receiver] Command: AT+CMGF=1 (#1 of 3)
[receiver]   Command!: AT+CMGF=1
[receiver]     Got lock
[receiver]       Write: "AT+CMGF=1\r"
[receiver]       Waiting for response
[receiver]         Read: "\r\n"
[receiver]         Read: "OK\r\n"
[receiver]       =["", "OK"]
[receiver]   =["OK"] // command!
[receiver] =["OK"] // command
[receiver] Command: AT+CMGL="ALL" (#1 of 3)
[receiver]   Command!: AT+CMGL="ALL"
[receiver]     Got lock
[receiver]       Write: "AT+CMGL=\"ALL\"\r"
[receiver]       Waiting for response
[receiver]         Read: "\r\n"
[receiver]         Read: "OK\r\n"
[receiver]       =["", "OK"]
[receiver]   =["OK"] // command!
[receiver] =["OK"] // command
[receiver] Command: AT (#1 of 3)
[receiver]   Command!: AT
[receiver]     Got lock
[receiver]       Write: "AT\r"
[receiver]       Waiting for response
[receiver]         Read: "\r\n"
[receiver]         Read: "^STIN: 7, 0, 0\r\n"
[receiver]         Read: "\r\n"
[receiver]         Read: "OK\r\n"
[receiver]       =["", "^STIN: 7, 0, 0", "", "OK"]
[receiver]   =["^STIN: 7, 0, 0", "OK"] // command!
[receiver] =["^STIN: 7, 0, 0", "OK"] // command
[receiver] Command: AT+CPMS? (#1 of 3)
[receiver]   Command!: AT+CPMS?
[receiver]     Got lock
[receiver]       Write: "AT+CPMS?\r"
[receiver]       Waiting for response
[receiver]         Read: "\r\n"
[receiver]         Read: "+CPMS: \"SM\",0,20,\"SM\",0,20,\"SM\",0,20\r\n"
[receiver]         Read: "\r\n"
[receiver]         Read: "OK\r\n"
[receiver]       =["", "+CPMS: \"SM\",0,20,\"SM\",0,20,\"SM\",0,20", "", "OK"]
[receiver]   =["+CPMS: \"SM\",0,20,\"SM\",0,20,\"SM\",0,20", "OK"] // command!
[receiver] =["+CPMS: \"SM\",0,20,\"SM\",0,20,\"SM\",0,20", "OK"] // command
[receiver] Command: AT (#1 of 3)
[receiver]   Command!: AT
[receiver]     Got lock
[receiver]       Write: "AT\r"
[receiver]       Waiting for response
[receiver]         Read: "\r\n"
[receiver]         Read: "^STIN: 7, 0, 0\r\n"
[receiver]         Read: "\r\n"
[receiver]         Read: "OK\r\n"
[receiver]       =["", "^STIN: 7, 0, 0", "", "OK"]
[receiver]   =["^STIN: 7, 0, 0", "OK"] // command!
[receiver] =["^STIN: 7, 0, 0", "OK"] // command
[receiver] Command: AT+CPMS? (#1 of 3)
[receiver]   Command!: AT+CPMS?
[receiver]     Got lock
[receiver]       Write: "AT+CPMS?\r"
[receiver]       Waiting for response
[receiver]         Read: "\r\n"
[receiver]         Read: "+CPMS: \"SM\",0,20,\"SM\",0,20,\"SM\",0,20\r\n"
[receiver]         Read: "\r\n"
[receiver]         Read: "OK\r\n"
[receiver]       =["", "+CPMS: \"SM\",0,20,\"SM\",0,20,\"SM\",0,20", "", "OK"]
[receiver]   =["+CPMS: \"SM\",0,20,\"SM\",0,20,\"SM\",0,20", "OK"] // command!
[receiver] =["+CPMS: \"SM\",0,20,\"SM\",0,20,\"SM\",0,20", "OK"] // command
[receiver] Trying Command: AT+CNMI?
[receiver]   Command: AT+CNMI? (#1 of 3)
[receiver]     Command!: AT+CNMI?
[receiver]       Got lock
[receiver]         Write: "AT+CNMI?\r"
[receiver]         Waiting for response
[receiver]           Read: "\r\n"
[receiver]           Read: "+CNMI: 2,1,0,2,0\r\n"
[receiver]           Read: "\r\n"
[receiver]           Read: "OK\r\n"
[receiver]         =["", "+CNMI: 2,1,0,2,0", "", "OK"]
[receiver]     =["+CNMI: 2,1,0,2,0", "OK"] // command!
[receiver]   =["+CNMI: 2,1,0,2,0", "OK"] // command
[receiver] =["+CNMI: 2,1,0,2,0", "OK"] // try_command
[receiver] Trying Command: AT+CNMI=2,1,0,2,0
[receiver]   Command: AT+CNMI=2,1,0,2,0 (#1 of 3)
[receiver]     Command!: AT+CNMI=2,1,0,2,0
[receiver]       Got lock
[receiver]         Write: "AT+CNMI=2,1,0,2,0\r"
[receiver]         Waiting for response
[receiver]           Read: "\r\n"
[receiver]           Read: "OK\r\n"
[receiver]         =["", "OK"]
[receiver]     =["OK"] // command!
[receiver]   =["OK"] // command
[receiver] =["OK"] // try_command
