[Config Init] RUBYGSM
[Config Init]   port: /dev/ttyUSB0
[Config Init]   timeout: 10
[Config Init]   verbosity: warn
[Config Init]   started at: 2013-07-30 15:43:37 -0300
[Config Init] ====
[Config Init] Trying Command: ATE0
[Config Init]   Command: ATE0 (#1 of 3)
[Config Init]     Command!: ATE0
[Config Init]       Got lock
[Config Init]         Write: "ATE0\r"
[Config Init]         Waiting for response
[Config Init]           Read: "\r\n"
[Config Init]           Read: "OK\r\n"
[Config Init]         =["", "OK"]
[Config Init]     =["OK"] // command!
[Config Init]   =["OK"] // command
[Config Init] =["OK"] // try_command
[Config Init] Trying Command: AT+CMEE=1
[Config Init]   Command: AT+CMEE=1 (#1 of 3)
[Config Init]     Command!: AT+CMEE=1
[Config Init]       Got lock
[Config Init]         Write: "AT+CMEE=1\r"
[Config Init]         Waiting for response
[Config Init]           Read: "\r\n"
[Config Init]           Read: "OK\r\n"
[Config Init]         =["", "OK"]
[Config Init]     =["OK"] // command!
[Config Init]   =["OK"] // command
[Config Init] =["OK"] // try_command
[Config Init] Command: AT+CMGF=1 (#1 of 3)
[Config Init]   Command!: AT+CMGF=1
[Config Init]     Got lock
[Config Init]       Write: "AT+CMGF=1\r"
[Config Init]       Waiting for response
[Config Init]         Read: "\r\n"
[Config Init]         Read: "OK\r\n"
[Config Init]       =["", "OK"]
[Config Init]   =["OK"] // command!
[Config Init] =["OK"] // command
[receiver] Command: AT (#1 of 3)
[receiver]   Command!: AT
[receiver]     Got lock
[receiver]       Write: "AT\r"
[receiver]       Waiting for response
[receiver]         Read: "\r\n"
[receiver]         Read: "OK\r\n"
[receiver]       =["", "OK"]
[receiver]   =["OK"] // command!
[receiver] =["OK"] // command
[receiver] Command: AT+CPMS? (#1 of 3)
[receiver]   Command!: AT+CPMS?
[receiver]     Got lock
[receiver]       Write: "AT+CPMS?\r"
[receiver]       Waiting for response
[receiver]         Read: "\r\n"
[receiver]         Read: "+CPMS: \"SM\",1,20,\"SM\",1,20,\"SM\",1,20\r\n"
[receiver]         Read: "\r\n"
[receiver]         Read: "OK\r\n"
[receiver]       =["", "+CPMS: \"SM\",1,20,\"SM\",1,20,\"SM\",1,20", "", "OK"]
[receiver]   =["+CPMS: \"SM\",1,20,\"SM\",1,20,\"SM\",1,20", "OK"] // command!
[receiver] =["+CPMS: \"SM\",1,20,\"SM\",1,20,\"SM\",1,20", "OK"] // command
[receiver] Trying Command: AT+CNMI?
[receiver]   Command: AT+CNMI? (#1 of 3)
[receiver]     Command!: AT+CNMI?
[receiver]       Got lock
[receiver]         Write: "AT+CNMI?\r"
[receiver]         Waiting for response
[receiver]           Read: "\r\n"
[receiver]           Read: "+CNMI: 2,1,0,2,0\r\n"
[receiver]           Read: "\r\n"
[receiver]           Read: "OK\r\n"
[receiver]         =["", "+CNMI: 2,1,0,2,0", "", "OK"]
[receiver]     =["+CNMI: 2,1,0,2,0", "OK"] // command!
[receiver]   =["+CNMI: 2,1,0,2,0", "OK"] // command
[receiver] =["+CNMI: 2,1,0,2,0", "OK"] // try_command
[receiver] Trying Command: AT+CNMI=2,1,0,2,0
[receiver]   Command: AT+CNMI=2,1,0,2,0 (#1 of 3)
[receiver]     Command!: AT+CNMI=2,1,0,2,0
[receiver]       Got lock
[receiver]         Write: "AT+CNMI=2,1,0,2,0\r"
[receiver]         Waiting for response
[receiver]           Read: "\r\n"
[receiver]           Read: "OK\r\n"
[receiver]         =["", "OK"]
[receiver]     =["OK"] // command!
[receiver]   =["OK"] // command
[receiver] =["OK"] // try_command
[receiver] Command: AT+CMGF=1 (#1 of 3)
[receiver]   Command!: AT+CMGF=1
[receiver]     Got lock
[receiver]       Write: "AT+CMGF=1\r"
[receiver]       Waiting for response
[receiver]         Read: "\r\n"
[receiver]         Read: "OK\r\n"
[receiver]       =["", "OK"]
[receiver]   =["OK"] // command!
[receiver] =["OK"] // command
[receiver] Command: AT+CMGL="ALL" (#1 of 3)
[receiver]   Command!: AT+CMGL="ALL"
[receiver]     Got lock
[receiver]       Write: "AT+CMGL=\"ALL\"\r"
[receiver]       Waiting for response
[receiver]         Read: "\r\n"
[receiver]         Read: "+CMGL: 0,\"REC UNREAD\",\"+5511968350032\",,\"13/07/30,15:43:00-12\"\r\n"
[receiver]         Read: "Consultar\r\n"
[receiver]         Read: "\r\n"
[receiver]         Read: "OK\r\n"
[receiver]       =["", "+CMGL: 0,\"REC UNREAD\",\"+5511968350032\",,\"13/07/30,15:43:00-12\"", "Consultar", "", "OK"]
[receiver]   =["+CMGL: 0,\"REC UNREAD\",\"+5511968350032\",,\"13/07/30,15:43:00-12\"", "Consultar", "OK"] // command!
[receiver] =["+CMGL: 0,\"REC UNREAD\",\"+5511968350032\",,\"13/07/30,15:43:00-12\"", "Consultar", "OK"] // command
[receiver] Fetched stored message from +5511968350032: "Consultar"
[receiver] Trying Command: AT+CMGD=0
[receiver]   Command: AT+CMGD=0 (#1 of 3)
[receiver]     Command!: AT+CMGD=0
[receiver]       Got lock
[receiver]         Write: "AT+CMGD=0\r"
[receiver]         Waiting for response
[receiver]           Read: "\r\n"
[receiver]           Read: "OK\r\n"
[receiver]         =["", "OK"]
[receiver]     =["OK"] // command!
[receiver]   =["OK"] // command
[receiver] =["OK"] // try_command
[receiver] Got lock
[receiver]   Sending SMS to +5511968350032: Sua meta e: bike que custa R$ 300.0
[receiver]     Attempt 1 of 2
[receiver]     Command!: AT+CMGS="+5511968350032"
[receiver]       Got lock
[receiver]         Write: "AT+CMGS=\"+5511968350032\"\r"
[receiver]         Waiting for response
[receiver]           Read: "\r\n"
[receiver]           Read: "> "
[receiver]         =["", ">"]
[receiver]     =[">"] // command!
[receiver]     Write: "Sua meta e: bike que custa R$ 300.0\x1A"
[receiver]     Waiting for response
[receiver]       Read: "\r\n"
[receiver]       Read: "+CMGS: 149\r\n"
[receiver]       Read: "\r\n"
[receiver]       Read: "OK\r\n"
[receiver]     =["", "+CMGS: 149", "", "OK"]
[receiver] Got lock
[receiver]   Sending SMS to +5511968350032: Sua meta e: sapatos que custa R$ 200.0
[receiver]     Attempt 1 of 2
[receiver]     Command!: AT+CMGS="+5511968350032"
[receiver]       Got lock
[receiver]         Write: "AT+CMGS=\"+5511968350032\"\r"
[receiver]         Waiting for response
[receiver]           Read: "\r\n"
[receiver]           Read: "> "
[receiver]         =["", ">"]
[receiver]     =[">"] // command!
[receiver]     Write: "Sua meta e: sapatos que custa R$ 200.0\x1A"
[receiver]     Waiting for response
[receiver]       Read: "\r\n"
[receiver]       Read: "+CMGS: 150\r\n"
[receiver]       Read: "\r\n"
[receiver]       Read: "OK\r\n"
[receiver]     =["", "+CMGS: 150", "", "OK"]
[receiver] Command: AT (#1 of 3)
[receiver]   Command!: AT
[receiver]     Got lock
[receiver]       Write: "AT\r"
[receiver]       Waiting for response
[receiver]         Read: "\r\n"
[receiver]         Read: "OK\r\n"
[receiver]       =["", "OK"]
[receiver]   =["OK"] // command!
[receiver] =["OK"] // command
[receiver] Command: AT+CPMS? (#1 of 3)
[receiver]   Command!: AT+CPMS?
[receiver]     Got lock
[receiver]       Write: "AT+CPMS?\r"
[receiver]       Waiting for response
[receiver]         Read: "\r\n"
[receiver]         Read: "+CPMS: \"SM\",0,20,\"SM\",0,20,\"SM\",0,20\r\n"
[receiver]         Read: "\r\n"
[receiver]         Read: "OK\r\n"
[receiver]       =["", "+CPMS: \"SM\",0,20,\"SM\",0,20,\"SM\",0,20", "", "OK"]
[receiver]   =["+CPMS: \"SM\",0,20,\"SM\",0,20,\"SM\",0,20", "OK"] // command!
[receiver] =["+CPMS: \"SM\",0,20,\"SM\",0,20,\"SM\",0,20", "OK"] // command
[receiver] Command: AT (#1 of 3)
[receiver]   Command!: AT
[receiver]     Got lock
[receiver]       Write: "AT\r"
[receiver]       Waiting for response
[receiver]         Read: "\r\n"
[receiver]         Read: "OK\r\n"
[receiver]       =["", "OK"]
[receiver]   =["OK"] // command!
[receiver] =["OK"] // command
[receiver] Command: AT+CPMS? (#1 of 3)
[receiver]   Command!: AT+CPMS?
[receiver]     Got lock
[receiver]       Write: "AT+CPMS?\r"
[receiver]       Waiting for response
[receiver]         Read: "\r\n"
[receiver]         Read: "+CPMS: \"SM\",0,20,\"SM\",0,20,\"SM\",0,20\r\n"
[receiver]         Read: "\r\n"
[receiver]         Read: "OK\r\n"
[receiver]       =["", "+CPMS: \"SM\",0,20,\"SM\",0,20,\"SM\",0,20", "", "OK"]
[receiver]   =["+CPMS: \"SM\",0,20,\"SM\",0,20,\"SM\",0,20", "OK"] // command!
[receiver] =["+CPMS: \"SM\",0,20,\"SM\",0,20,\"SM\",0,20", "OK"] // command
[receiver] Command: AT (#1 of 3)
[receiver]   Command!: AT
[receiver]     Got lock
[receiver]       Write: "AT\r"
[receiver]       Waiting for response
[receiver]         Read: "\r\n"
[receiver]         Read: "OK\r\n"
[receiver]       =["", "OK"]
[receiver]   =["OK"] // command!
[receiver] =["OK"] // command
[receiver] Command: AT+CPMS? (#1 of 3)
[receiver]   Command!: AT+CPMS?
[receiver]     Got lock
[receiver]       Write: "AT+CPMS?\r"
[receiver]       Waiting for response
[receiver]         Read: "\r\n"
[receiver]         Read: "+CPMS: \"SM\",0,20,\"SM\",0,20,\"SM\",0,20\r\n"
[receiver]         Read: "\r\n"
[receiver]         Read: "OK\r\n"
[receiver]       =["", "+CPMS: \"SM\",0,20,\"SM\",0,20,\"SM\",0,20", "", "OK"]
[receiver]   =["+CPMS: \"SM\",0,20,\"SM\",0,20,\"SM\",0,20", "OK"] // command!
[receiver] =["+CPMS: \"SM\",0,20,\"SM\",0,20,\"SM\",0,20", "OK"] // command
[receiver] Command: AT (#1 of 3)
[receiver]   Command!: AT
[receiver]     Got lock
[receiver]       Write: "AT\r"
[receiver]       Waiting for response
[receiver]         Read: "\r\n"
[receiver]         Read: "OK\r\n"
[receiver]       =["", "OK"]
[receiver]   =["OK"] // command!
[receiver] =["OK"] // command
[receiver] Command: AT+CPMS? (#1 of 3)
[receiver]   Command!: AT+CPMS?
[receiver]     Got lock
[receiver]       Write: "AT+CPMS?\r"
[receiver]       Waiting for response
[receiver]         Read: "\r\n"
[receiver]         Read: "+CPMS: \"SM\",0,20,\"SM\",0,20,\"SM\",0,20\r\n"
[receiver]         Read: "\r\n"
[receiver]         Read: "OK\r\n"
[receiver]       =["", "+CPMS: \"SM\",0,20,\"SM\",0,20,\"SM\",0,20", "", "OK"]
[receiver]   =["+CPMS: \"SM\",0,20,\"SM\",0,20,\"SM\",0,20", "OK"] // command!
[receiver] =["+CPMS: \"SM\",0,20,\"SM\",0,20,\"SM\",0,20", "OK"] // command
[receiver] Command: AT+CMGF=1 (#1 of 3)
[receiver]   Command!: AT+CMGF=1
[receiver]     Got lock
[receiver]       Write: "AT+CMGF=1\r"
[receiver]       Waiting for response
[receiver]         Read: "\r\n"
[receiver]         Read: "OK\r\n"
[receiver]       =["", "OK"]
[receiver]   =["OK"] // command!
[receiver] =["OK"] // command
[receiver] Command: AT+CMGL="ALL" (#1 of 3)
[receiver]   Command!: AT+CMGL="ALL"
[receiver]     Got lock
[receiver]       Write: "AT+CMGL=\"ALL\"\r"
[receiver]       Waiting for response
[receiver]         Read: "\r\n"
[receiver]         Read: "OK\r\n"
[receiver]       =["", "OK"]
[receiver]   =["OK"] // command!
[receiver] =["OK"] // command
[receiver] Command: AT (#1 of 3)
[receiver]   Command!: AT
[receiver]     Got lock
[receiver]       Write: "AT\r"
[receiver]       Waiting for response
[receiver]         Read: "\r\n"
[receiver]         Read: "OK\r\n"
[receiver]       =["", "OK"]
[receiver]   =["OK"] // command!
[receiver] =["OK"] // command
[receiver] Command: AT+CPMS? (#1 of 3)
[receiver]   Command!: AT+CPMS?
[receiver]     Got lock
[receiver]       Write: "AT+CPMS?\r"
[receiver]       Waiting for response
[receiver]         Read: "\r\n"
[receiver]         Read: "+CPMS: \"SM\",0,20,\"SM\",0,20,\"SM\",0,20\r\n"
[receiver]         Read: "\r\n"
[receiver]         Read: "OK\r\n"
[receiver]       =["", "+CPMS: \"SM\",0,20,\"SM\",0,20,\"SM\",0,20", "", "OK"]
[receiver]   =["+CPMS: \"SM\",0,20,\"SM\",0,20,\"SM\",0,20", "OK"] // command!
[receiver] =["+CPMS: \"SM\",0,20,\"SM\",0,20,\"SM\",0,20", "OK"] // command
[receiver] Command: AT (#1 of 3)
[receiver]   Command!: AT
[receiver]     Got lock
[receiver]       Write: "AT\r"
[receiver]       Waiting for response
[receiver]         Read: "\r\n"
[receiver]         Read: "OK\r\n"
[receiver]       =["", "OK"]
[receiver]   =["OK"] // command!
[receiver] =["OK"] // command
[receiver] Command: AT+CPMS? (#1 of 3)
[receiver]   Command!: AT+CPMS?
[receiver]     Got lock
[receiver]       Write: "AT+CPMS?\r"
[receiver]       Waiting for response
[receiver]         Read: "\r\n"
[receiver]         Read: "+CPMS: \"SM\",0,20,\"SM\",0,20,\"SM\",0,20\r\n"
[receiver]         Read: "\r\n"
[receiver]         Read: "OK\r\n"
[receiver]       =["", "+CPMS: \"SM\",0,20,\"SM\",0,20,\"SM\",0,20", "", "OK"]
[receiver]   =["+CPMS: \"SM\",0,20,\"SM\",0,20,\"SM\",0,20", "OK"] // command!
[receiver] =["+CPMS: \"SM\",0,20,\"SM\",0,20,\"SM\",0,20", "OK"] // command
[receiver] Command: AT (#1 of 3)
[receiver]   Command!: AT
[receiver]     Got lock
[receiver]       Write: "AT\r"
[receiver]       Waiting for response
[receiver]         Read: "\r\n"
[receiver]         Read: "OK\r\n"
[receiver]       =["", "OK"]
[receiver]   =["OK"] // command!
[receiver] =["OK"] // command
[receiver] Command: AT+CPMS? (#1 of 3)
[receiver]   Command!: AT+CPMS?
[receiver]     Got lock
[receiver]       Write: "AT+CPMS?\r"
[receiver]       Waiting for response
[receiver]         Read: "\r\n"
[receiver]         Read: "+CPMS: \"SM\",0,20,\"SM\",0,20,\"SM\",0,20\r\n"
[receiver]         Read: "\r\n"
[receiver]         Read: "OK\r\n"
[receiver]       =["", "+CPMS: \"SM\",0,20,\"SM\",0,20,\"SM\",0,20", "", "OK"]
[receiver]   =["+CPMS: \"SM\",0,20,\"SM\",0,20,\"SM\",0,20", "OK"] // command!
[receiver] =["+CPMS: \"SM\",0,20,\"SM\",0,20,\"SM\",0,20", "OK"] // command
[receiver] Command: AT (#1 of 3)
[receiver]   Command!: AT
[receiver]     Got lock
[receiver]       Write: "AT\r"
[receiver]       Waiting for response
[receiver]         Read: "\r\n"
[receiver]         Read: "OK\r\n"
[receiver]       =["", "OK"]
[receiver]   =["OK"] // command!
[receiver] =["OK"] // command
[receiver] Command: AT+CPMS? (#1 of 3)
[receiver]   Command!: AT+CPMS?
[receiver]     Got lock
[receiver]       Write: "AT+CPMS?\r"
[receiver]       Waiting for response
[receiver]         Read: "\r\n"
[receiver]         Read: "+CPMS: \"SM\",0,20,\"SM\",0,20,\"SM\",0,20\r\n"
[receiver]         Read: "\r\n"
[receiver]         Read: "OK\r\n"
[receiver]       =["", "+CPMS: \"SM\",0,20,\"SM\",0,20,\"SM\",0,20", "", "OK"]
[receiver]   =["+CPMS: \"SM\",0,20,\"SM\",0,20,\"SM\",0,20", "OK"] // command!
[receiver] =["+CPMS: \"SM\",0,20,\"SM\",0,20,\"SM\",0,20", "OK"] // command
[receiver] Command: AT+CMGF=1 (#1 of 3)
[receiver]   Command!: AT+CMGF=1
[receiver]     Got lock
[receiver]       Write: "AT+CMGF=1\r"
[receiver]       Waiting for response
[receiver]         Read: "\r\n"
[receiver]         Read: "OK\r\n"
[receiver]       =["", "OK"]
[receiver]   =["OK"] // command!
[receiver] =["OK"] // command
[receiver] Command: AT+CMGL="ALL" (#1 of 3)
[receiver]   Command!: AT+CMGL="ALL"
[receiver]     Got lock
[receiver]       Write: "AT+CMGL=\"ALL\"\r"
[receiver]       Waiting for response
[receiver]         Read: "\r\n"
[receiver]         Read: "OK\r\n"
[receiver]       =["", "OK"]
[receiver]   =["OK"] // command!
[receiver] =["OK"] // command
[receiver] Command: AT (#1 of 3)
[receiver]   Command!: AT
[receiver]     Got lock
[receiver]       Write: "AT\r"
[receiver]       Waiting for response
[receiver]         Read: "\r\n"
[receiver]         Read: "OK\r\n"
[receiver]       =["", "OK"]
[receiver]   =["OK"] // command!
[receiver] =["OK"] // command
[receiver] Command: AT+CPMS? (#1 of 3)
[receiver]   Command!: AT+CPMS?
[receiver]     Got lock
[receiver]       Write: "AT+CPMS?\r"
[receiver]       Waiting for response
[receiver]         Read: "\r\n"
[receiver]         Read: "+CPMS: \"SM\",0,20,\"SM\",0,20,\"SM\",0,20\r\n"
[receiver]         Read: "\r\n"
[receiver]         Read: "OK\r\n"
[receiver]       =["", "+CPMS: \"SM\",0,20,\"SM\",0,20,\"SM\",0,20", "", "OK"]
[receiver]   =["+CPMS: \"SM\",0,20,\"SM\",0,20,\"SM\",0,20", "OK"] // command!
[receiver] =["+CPMS: \"SM\",0,20,\"SM\",0,20,\"SM\",0,20", "OK"] // command
[receiver] Command: AT (#1 of 3)
[receiver]   Command!: AT
[receiver]     Got lock
[receiver]       Write: "AT\r"
[receiver]       Waiting for response
[receiver]         Read: "\r\n"
[receiver]         Read: "OK\r\n"
[receiver]       =["", "OK"]
[receiver]   =["OK"] // command!
[receiver] =["OK"] // command
[receiver] Command: AT+CPMS? (#1 of 3)
[receiver]   Command!: AT+CPMS?
[receiver]     Got lock
[receiver]       Write: "AT+CPMS?\r"
[receiver]       Waiting for response
[receiver]         Read: "\r\n"
[receiver]         Read: "+CPMS: \"SM\",0,20,\"SM\",0,20,\"SM\",0,20\r\n"
[receiver]         Read: "\r\n"
[receiver]         Read: "OK\r\n"
[receiver]       =["", "+CPMS: \"SM\",0,20,\"SM\",0,20,\"SM\",0,20", "", "OK"]
[receiver]   =["+CPMS: \"SM\",0,20,\"SM\",0,20,\"SM\",0,20", "OK"] // command!
[receiver] =["+CPMS: \"SM\",0,20,\"SM\",0,20,\"SM\",0,20", "OK"] // command
[receiver] Trying Command: AT+CNMI?
[receiver]   Command: AT+CNMI? (#1 of 3)
[receiver]     Command!: AT+CNMI?
[receiver]       Got lock
[receiver]         Write: "AT+CNMI?\r"
[receiver]         Waiting for response
[receiver]           Read: "\r\n"
[receiver]           Read: "+CNMI: 2,1,0,2,0\r\n"
[receiver]           Read: "\r\n"
[receiver]           Read: "OK\r\n"
[receiver]         =["", "+CNMI: 2,1,0,2,0", "", "OK"]
[receiver]     =["+CNMI: 2,1,0,2,0", "OK"] // command!
[receiver]   =["+CNMI: 2,1,0,2,0", "OK"] // command
[receiver] =["+CNMI: 2,1,0,2,0", "OK"] // try_command
[receiver] Trying Command: AT+CNMI=2,1,0,2,0
[receiver]   Command: AT+CNMI=2,1,0,2,0 (#1 of 3)
[receiver]     Command!: AT+CNMI=2,1,0,2,0
[receiver]       Got lock
[receiver]         Write: "AT+CNMI=2,1,0,2,0\r"
[receiver]         Waiting for response
[receiver]           Read: "\r\n"
[receiver]           Read: "OK\r\n"
[receiver]         =["", "OK"]
[receiver]     =["OK"] // command!
[receiver]   =["OK"] // command
[receiver] =["OK"] // try_command
[receiver] Command: AT (#1 of 3)
[receiver]   Command!: AT
[receiver]     Got lock
[receiver]       Write: "AT\r"
[receiver]       Waiting for response
[receiver]         Read: "\r\n"
[receiver]         Read: "OK\r\n"
[receiver]       =["", "OK"]
[receiver]   =["OK"] // command!
[receiver] =["OK"] // command
[receiver] Command: AT+CPMS? (#1 of 3)
[receiver]   Command!: AT+CPMS?
[receiver]     Got lock
[receiver]       Write: "AT+CPMS?\r"
[receiver]       Waiting for response
[receiver]         Read: "\r\n"
[receiver]         Read: "+CPMS: \"SM\",0,20,\"SM\",0,20,\"SM\",0,20\r\n"
[receiver]         Read: "\r\n"
[receiver]         Read: "OK\r\n"
[receiver]       =["", "+CPMS: \"SM\",0,20,\"SM\",0,20,\"SM\",0,20", "", "OK"]
[receiver]   =["+CPMS: \"SM\",0,20,\"SM\",0,20,\"SM\",0,20", "OK"] // command!
[receiver] =["+CPMS: \"SM\",0,20,\"SM\",0,20,\"SM\",0,20", "OK"] // command
[receiver] Command: AT (#1 of 3)
[receiver]   Command!: AT
[receiver]     Got lock
[receiver]       Write: "AT\r"
[receiver]       Waiting for response
[receiver]         Read: "\r\n"
[receiver]         Read: "OK\r\n"
[receiver]       =["", "OK"]
[receiver]   =["OK"] // command!
[receiver] =["OK"] // command
[receiver] Command: AT+CPMS? (#1 of 3)
[receiver]   Command!: AT+CPMS?
[receiver]     Got lock
[receiver]       Write: "AT+CPMS?\r"
[receiver]       Waiting for response
[receiver]         Read: "\r\n"
[receiver]         Read: "+CPMS: \"SM\",0,20,\"SM\",0,20,\"SM\",0,20\r\n"
[receiver]         Read: "\r\n"
[receiver]         Read: "OK\r\n"
[receiver]       =["", "+CPMS: \"SM\",0,20,\"SM\",0,20,\"SM\",0,20", "", "OK"]
[receiver]   =["+CPMS: \"SM\",0,20,\"SM\",0,20,\"SM\",0,20", "OK"] // command!
[receiver] =["+CPMS: \"SM\",0,20,\"SM\",0,20,\"SM\",0,20", "OK"] // command
[receiver] Command: AT+CMGF=1 (#1 of 3)
[receiver]   Command!: AT+CMGF=1
[receiver]     Got lock
[receiver]       Write: "AT+CMGF=1\r"
[receiver]       Waiting for response
[receiver]         Read: "\r\n"
[receiver]         Read: "OK\r\n"
[receiver]       =["", "OK"]
[receiver]   =["OK"] // command!
[receiver] =["OK"] // command
[receiver] Command: AT+CMGL="ALL" (#1 of 3)
[receiver]   Command!: AT+CMGL="ALL"
[receiver]     Got lock
[receiver]       Write: "AT+CMGL=\"ALL\"\r"
[receiver]       Waiting for response
[receiver]         Read: "\r\n"
[receiver]         Read: "OK\r\n"
[receiver]       =["", "OK"]
[receiver]   =["OK"] // command!
[receiver] =["OK"] // command
[receiver] Command: AT (#1 of 3)
[receiver]   Command!: AT
[receiver]     Got lock
[receiver]       Write: "AT\r"
[receiver]       Waiting for response
[receiver]         Read: "\r\n"
[receiver]         Read: "OK\r\n"
[receiver]       =["", "OK"]
[receiver]   =["OK"] // command!
[receiver] =["OK"] // command
[receiver] Command: AT+CPMS? (#1 of 3)
[receiver]   Command!: AT+CPMS?
[receiver]     Got lock
[receiver]       Write: "AT+CPMS?\r"
[receiver]       Waiting for response
[receiver]         Read: "\r\n"
[receiver]         Read: "+CPMS: \"SM\",0,20,\"SM\",0,20,\"SM\",0,20\r\n"
[receiver]         Read: "\r\n"
[receiver]         Read: "OK\r\n"
[receiver]       =["", "+CPMS: \"SM\",0,20,\"SM\",0,20,\"SM\",0,20", "", "OK"]
[receiver]   =["+CPMS: \"SM\",0,20,\"SM\",0,20,\"SM\",0,20", "OK"] // command!
[receiver] =["+CPMS: \"SM\",0,20,\"SM\",0,20,\"SM\",0,20", "OK"] // command
[receiver] Command: AT (#1 of 3)
[receiver]   Command!: AT
[receiver]     Got lock
[receiver]       Write: "AT\r"
[receiver]       Waiting for response
[receiver]         Read: "\r\n"
[receiver]         Read: "OK\r\n"
[receiver]       =["", "OK"]
[receiver]   =["OK"] // command!
[receiver] =["OK"] // command
[receiver] Command: AT+CPMS? (#1 of 3)
[receiver]   Command!: AT+CPMS?
[receiver]     Got lock
[receiver]       Write: "AT+CPMS?\r"
[receiver]       Waiting for response
[receiver]         Read: "\r\n"
[receiver]         Read: "+CPMS: \"SM\",1,20,\"SM\",1,20,\"SM\",1,20\r\n"
[receiver]         Read: "\r\n"
[receiver]         Read: "OK\r\n"
[receiver]       =["", "+CPMS: \"SM\",1,20,\"SM\",1,20,\"SM\",1,20", "", "OK"]
[receiver]   =["+CPMS: \"SM\",1,20,\"SM\",1,20,\"SM\",1,20", "OK"] // command!
[receiver] =["+CPMS: \"SM\",1,20,\"SM\",1,20,\"SM\",1,20", "OK"] // command
[receiver] Command: AT (#1 of 3)
[receiver]   Command!: AT
[receiver]     Got lock
[receiver]       Write: "AT\r"
[receiver]       Waiting for response
[receiver]         Read: "\r\n"
[receiver]         Read: "^STIN: 99, 0, 0\r\n"
[receiver]         Read: "\r\n"
[receiver]         Read: "OK\r\n"
[receiver]       =["", "^STIN: 99, 0, 0", "", "OK"]
[receiver]   =["^STIN: 99, 0, 0", "OK"] // command!
[receiver] =["^STIN: 99, 0, 0", "OK"] // command
[receiver] Command: AT+CPMS? (#1 of 3)
[receiver]   Command!: AT+CPMS?
[receiver]     Got lock
[receiver]       Write: "AT+CPMS?\r"
[receiver]       Waiting for response
[receiver]         Read: "\r\n"
[receiver]         Read: "+CPMS: \"SM\",1,20,\"SM\",1,20,\"SM\",1,20\r\n"
[receiver]         Read: "\r\n"
[receiver]         Read: "OK\r\n"
[receiver]       =["", "+CPMS: \"SM\",1,20,\"SM\",1,20,\"SM\",1,20", "", "OK"]
[receiver]   =["+CPMS: \"SM\",1,20,\"SM\",1,20,\"SM\",1,20", "OK"] // command!
[receiver] =["+CPMS: \"SM\",1,20,\"SM\",1,20,\"SM\",1,20", "OK"] // command
[receiver] Command: AT (#1 of 3)
[receiver]   Command!: AT
[receiver]     Got lock
[receiver]       Write: "AT\r"
[receiver]       Waiting for response
[receiver]         Read: "\r\n"
[receiver]         Read: "OK\r\n"
[receiver]       =["", "OK"]
[receiver]   =["OK"] // command!
[receiver] =["OK"] // command
[receiver] Command: AT+CPMS? (#1 of 3)
[receiver]   Command!: AT+CPMS?
[receiver]     Got lock
[receiver]       Write: "AT+CPMS?\r"
[receiver]       Waiting for response
[receiver]         Read: "\r\n"
[receiver]         Read: "+CPMS: \"SM\",1,20,\"SM\",1,20,\"SM\",1,20\r\n"
[receiver]         Read: "\r\n"
[receiver]         Read: "OK\r\n"
[receiver]       =["", "+CPMS: \"SM\",1,20,\"SM\",1,20,\"SM\",1,20", "", "OK"]
[receiver]   =["+CPMS: \"SM\",1,20,\"SM\",1,20,\"SM\",1,20", "OK"] // command!
[receiver] =["+CPMS: \"SM\",1,20,\"SM\",1,20,\"SM\",1,20", "OK"] // command
[receiver] Command: AT+CMGF=1 (#1 of 3)
[receiver]   Command!: AT+CMGF=1
[receiver]     Got lock
[receiver]       Write: "AT+CMGF=1\r"
[receiver]       Waiting for response
[receiver]         Read: "\r\n"
[receiver]         Read: "OK\r\n"
[receiver]       =["", "OK"]
[receiver]   =["OK"] // command!
[receiver] =["OK"] // command
[receiver] Command: AT+CMGL="ALL" (#1 of 3)
[receiver]   Command!: AT+CMGL="ALL"
[receiver]     Got lock
[receiver]       Write: "AT+CMGL=\"ALL\"\r"
[receiver]       Waiting for response
[receiver]         Read: "\r\n"
[receiver]         Read: "+CMGL: 0,\"REC UNREAD\",\"+551581144047\",,\"13/07/30,15:43:52-12\"\r\n"
[receiver]         Read: "consultar\r\n"
[receiver]         Read: "\r\n"
[receiver]         Read: "OK\r\n"
[receiver]       =["", "+CMGL: 0,\"REC UNREAD\",\"+551581144047\",,\"13/07/30,15:43:52-12\"", "consultar", "", "OK"]
[receiver]   =["+CMGL: 0,\"REC UNREAD\",\"+551581144047\",,\"13/07/30,15:43:52-12\"", "consultar", "OK"] // command!
[receiver] =["+CMGL: 0,\"REC UNREAD\",\"+551581144047\",,\"13/07/30,15:43:52-12\"", "consultar", "OK"] // command
[receiver] Fetched stored message from +551581144047: "consultar"
[receiver] Trying Command: AT+CMGD=0
[receiver]   Command: AT+CMGD=0 (#1 of 3)
[receiver]     Command!: AT+CMGD=0
[receiver]       Got lock
[receiver]         Write: "AT+CMGD=0\r"
[receiver]         Waiting for response
[receiver]           Read: "\r\n"
[receiver]           Read: "OK\r\n"
[receiver]         =["", "OK"]
[receiver]     =["OK"] // command!
[receiver]   =["OK"] // command
[receiver] =["OK"] // try_command
[receiver] Command: AT (#1 of 3)
[receiver]   Command!: AT
[receiver]     Got lock
[receiver]       Write: "AT\r"
[receiver]       Waiting for response
[receiver]         Read: "\r\n"
[receiver]         Read: "OK\r\n"
[receiver]       =["", "OK"]
[receiver]   =["OK"] // command!
[receiver] =["OK"] // command
[receiver] Command: AT+CPMS? (#1 of 3)
[receiver]   Command!: AT+CPMS?
[receiver]     Got lock
[receiver]       Write: "AT+CPMS?\r"
[receiver]       Waiting for response
[receiver]         Read: "\r\n"
[receiver]         Read: "+CPMS: \"SM\",0,20,\"SM\",0,20,\"SM\",0,20\r\n"
[receiver]         Read: "\r\n"
[receiver]         Read: "OK\r\n"
[receiver]       =["", "+CPMS: \"SM\",0,20,\"SM\",0,20,\"SM\",0,20", "", "OK"]
[receiver]   =["+CPMS: \"SM\",0,20,\"SM\",0,20,\"SM\",0,20", "OK"] // command!
[receiver] =["+CPMS: \"SM\",0,20,\"SM\",0,20,\"SM\",0,20", "OK"] // command
[receiver] Command: AT (#1 of 3)
[receiver]   Command!: AT
[receiver]     Got lock
[receiver]       Write: "AT\r"
[receiver]       Waiting for response
[receiver]         Read: "\r\n"
[receiver]         Read: "OK\r\n"
[receiver]       =["", "OK"]
[receiver]   =["OK"] // command!
[receiver] =["OK"] // command
[receiver] Command: AT+CPMS? (#1 of 3)
[receiver]   Command!: AT+CPMS?
[receiver]     Got lock
[receiver]       Write: "AT+CPMS?\r"
[receiver]       Waiting for response
[receiver]         Read: "\r\n"
[receiver]         Read: "+CPMS: \"SM\",0,20,\"SM\",0,20,\"SM\",0,20\r\n"
[receiver]         Read: "\r\n"
[receiver]         Read: "OK\r\n"
[receiver]       =["", "+CPMS: \"SM\",0,20,\"SM\",0,20,\"SM\",0,20", "", "OK"]
[receiver]   =["+CPMS: \"SM\",0,20,\"SM\",0,20,\"SM\",0,20", "OK"] // command!
[receiver] =["+CPMS: \"SM\",0,20,\"SM\",0,20,\"SM\",0,20", "OK"] // command
[receiver] Command: AT (#1 of 3)
[receiver]   Command!: AT
[receiver]     Got lock
[receiver]       Write: "AT\r"
[receiver]       Waiting for response
[receiver]         Read: "\r\n"
[receiver]         Read: "OK\r\n"
[receiver]       =["", "OK"]
[receiver]   =["OK"] // command!
[receiver] =["OK"] // command
[receiver] Command: AT+CPMS? (#1 of 3)
[receiver]   Command!: AT+CPMS?
[receiver]     Got lock
[receiver]       Write: "AT+CPMS?\r"
[receiver]       Waiting for response
[receiver]         Read: "\r\n"
[receiver]         Read: "+CPMS: \"SM\",0,20,\"SM\",0,20,\"SM\",0,20\r\n"
[receiver]         Read: "\r\n"
[receiver]         Read: "OK\r\n"
[receiver]       =["", "+CPMS: \"SM\",0,20,\"SM\",0,20,\"SM\",0,20", "", "OK"]
[receiver]   =["+CPMS: \"SM\",0,20,\"SM\",0,20,\"SM\",0,20", "OK"] // command!
[receiver] =["+CPMS: \"SM\",0,20,\"SM\",0,20,\"SM\",0,20", "OK"] // command
[receiver] Command: AT (#1 of 3)
[receiver]   Command!: AT
[receiver]     Got lock
[receiver]       Write: "AT\r"
[receiver]       Waiting for response
[receiver]         Read: "\r\n"
[receiver]         Read: "OK\r\n"
[receiver]       =["", "OK"]
[receiver]   =["OK"] // command!
[receiver] =["OK"] // command
[receiver] Command: AT+CPMS? (#1 of 3)
[receiver]   Command!: AT+CPMS?
[receiver]     Got lock
[receiver]       Write: "AT+CPMS?\r"
[receiver]       Waiting for response
[receiver]         Read: "\r\n"
[receiver]         Read: "+CPMS: \"SM\",0,20,\"SM\",0,20,\"SM\",0,20\r\n"
[receiver]         Read: "\r\n"
[receiver]         Read: "OK\r\n"
[receiver]       =["", "+CPMS: \"SM\",0,20,\"SM\",0,20,\"SM\",0,20", "", "OK"]
[receiver]   =["+CPMS: \"SM\",0,20,\"SM\",0,20,\"SM\",0,20", "OK"] // command!
[receiver] =["+CPMS: \"SM\",0,20,\"SM\",0,20,\"SM\",0,20", "OK"] // command
[receiver] Trying Command: AT+CNMI?
[receiver]   Command: AT+CNMI? (#1 of 3)
[receiver]     Command!: AT+CNMI?
[receiver]       Got lock
[receiver]         Write: "AT+CNMI?\r"
[receiver]         Waiting for response
[receiver]           Read: "\r\n"
[receiver]           Read: "+CNMI: 2,1,0,2,0\r\n"
[receiver]           Read: "\r\n"
[receiver]           Read: "OK\r\n"
[receiver]         =["", "+CNMI: 2,1,0,2,0", "", "OK"]
[receiver]     =["+CNMI: 2,1,0,2,0", "OK"] // command!
[receiver]   =["+CNMI: 2,1,0,2,0", "OK"] // command
[receiver] =["+CNMI: 2,1,0,2,0", "OK"] // try_command
[receiver] Trying Command: AT+CNMI=2,1,0,2,0
[receiver]   Command: AT+CNMI=2,1,0,2,0 (#1 of 3)
[receiver]     Command!: AT+CNMI=2,1,0,2,0
[receiver]       Got lock
[receiver]         Write: "AT+CNMI=2,1,0,2,0\r"
[receiver]         Waiting for response
[receiver]           Read: "\r\n"
[receiver]           Read: "OK\r\n"
[receiver]         =["", "OK"]
[receiver]     =["OK"] // command!
[receiver]   =["OK"] // command
[receiver] =["OK"] // try_command
[receiver] Command: AT+CMGF=1 (#1 of 3)
[receiver]   Command!: AT+CMGF=1
[receiver]     Got lock
[receiver]       Write: "AT+CMGF=1\r"
[receiver]       Waiting for response
[receiver]         Read: "\r\n"
[receiver]         Read: "OK\r\n"
[receiver]       =["", "OK"]
[receiver]   =["OK"] // command!
[receiver] =["OK"] // command
[receiver] Command: AT+CMGL="ALL" (#1 of 3)
[receiver]   Command!: AT+CMGL="ALL"
[receiver]     Got lock
[receiver]       Write: "AT+CMGL=\"ALL\"\r"
[receiver]       Waiting for response
[receiver]         Read: "\r\n"
[receiver]         Read: "OK\r\n"
[receiver]       =["", "OK"]
[receiver]   =["OK"] // command!
[receiver] =["OK"] // command
[receiver] Command: AT (#1 of 3)
[receiver]   Command!: AT
[receiver]     Got lock
[receiver]       Write: "AT\r"
[receiver]       Waiting for response
[receiver]         Read: "\r\n"
[receiver]         Read: "OK\r\n"
[receiver]       =["", "OK"]
[receiver]   =["OK"] // command!
[receiver] =["OK"] // command
[receiver] Command: AT+CPMS? (#1 of 3)
[receiver]   Command!: AT+CPMS?
[receiver]     Got lock
[receiver]       Write: "AT+CPMS?\r"
[receiver]       Waiting for response
[receiver]         Read: "\r\n"
[receiver]         Read: "+CPMS: \"SM\",0,20,\"SM\",0,20,\"SM\",0,20\r\n"
[receiver]         Read: "\r\n"
[receiver]         Read: "OK\r\n"
[receiver]       =["", "+CPMS: \"SM\",0,20,\"SM\",0,20,\"SM\",0,20", "", "OK"]
[receiver]   =["+CPMS: \"SM\",0,20,\"SM\",0,20,\"SM\",0,20", "OK"] // command!
[receiver] =["+CPMS: \"SM\",0,20,\"SM\",0,20,\"SM\",0,20", "OK"] // command
[receiver] Command: AT (#1 of 3)
[receiver]   Command!: AT
[receiver]     Got lock
[receiver]       Write: "AT\r"
[receiver]       Waiting for response
[receiver]         Read: "\r\n"
[receiver]         Read: "OK\r\n"
[receiver]       =["", "OK"]
[receiver]   =["OK"] // command!
[receiver] =["OK"] // command
[receiver] Command: AT+CPMS? (#1 of 3)
[receiver]   Command!: AT+CPMS?
[receiver]     Got lock
[receiver]       Write: "AT+CPMS?\r"
[receiver]       Waiting for response
[receiver]         Read: "\r\n"
[receiver]         Read: "+CPMS: \"SM\",0,20,\"SM\",0,20,\"SM\",0,20\r\n"
[receiver]         Read: "\r\n"
[receiver]         Read: "OK\r\n"
[receiver]       =["", "+CPMS: \"SM\",0,20,\"SM\",0,20,\"SM\",0,20", "", "OK"]
[receiver]   =["+CPMS: \"SM\",0,20,\"SM\",0,20,\"SM\",0,20", "OK"] // command!
[receiver] =["+CPMS: \"SM\",0,20,\"SM\",0,20,\"SM\",0,20", "OK"] // command
[receiver] Command: AT (#1 of 3)
[receiver]   Command!: AT
[receiver]     Got lock
[receiver]       Write: "AT\r"
[receiver]       Waiting for response
[receiver]         Read: "\r\n"
[receiver]         Read: "OK\r\n"
[receiver]       =["", "OK"]
[receiver]   =["OK"] // command!
[receiver] =["OK"] // command
[receiver] Command: AT+CPMS? (#1 of 3)
[receiver]   Command!: AT+CPMS?
[receiver]     Got lock
[receiver]       Write: "AT+CPMS?\r"
[receiver]       Waiting for response
[receiver]         Read: "\r\n"
[receiver]         Read: "+CPMS: \"SM\",0,20,\"SM\",0,20,\"SM\",0,20\r\n"
[receiver]         Read: "\r\n"
[receiver]         Read: "OK\r\n"
[receiver]       =["", "+CPMS: \"SM\",0,20,\"SM\",0,20,\"SM\",0,20", "", "OK"]
[receiver]   =["+CPMS: \"SM\",0,20,\"SM\",0,20,\"SM\",0,20", "OK"] // command!
[receiver] =["+CPMS: \"SM\",0,20,\"SM\",0,20,\"SM\",0,20", "OK"] // command
[receiver] Command: AT (#1 of 3)
[receiver]   Command!: AT
[receiver]     Got lock
[receiver]       Write: "AT\r"
[receiver]       Waiting for response
[receiver]         Read: "\r\n"
[receiver]         Read: "OK\r\n"
[receiver]       =["", "OK"]
[receiver]   =["OK"] // command!
[receiver] =["OK"] // command
[receiver] Command: AT+CPMS? (#1 of 3)
[receiver]   Command!: AT+CPMS?
[receiver]     Got lock
[receiver]       Write: "AT+CPMS?\r"
[receiver]       Waiting for response
[receiver]         Read: "\r\n"
[receiver]         Read: "+CPMS: \"SM\",0,20,\"SM\",0,20,\"SM\",0,20\r\n"
[receiver]         Read: "\r\n"
[receiver]         Read: "OK\r\n"
[receiver]       =["", "+CPMS: \"SM\",0,20,\"SM\",0,20,\"SM\",0,20", "", "OK"]
[receiver]   =["+CPMS: \"SM\",0,20,\"SM\",0,20,\"SM\",0,20", "OK"] // command!
[receiver] =["+CPMS: \"SM\",0,20,\"SM\",0,20,\"SM\",0,20", "OK"] // command
[receiver] Command: AT+CMGF=1 (#1 of 3)
[receiver]   Command!: AT+CMGF=1
[receiver]     Got lock
[receiver]       Write: "AT+CMGF=1\r"
[receiver]       Waiting for response
[receiver]         Read: "\r\n"
[receiver]         Read: "OK\r\n"
[receiver]       =["", "OK"]
[receiver]   =["OK"] // command!
[receiver] =["OK"] // command
[receiver] Command: AT+CMGL="ALL" (#1 of 3)
[receiver]   Command!: AT+CMGL="ALL"
[receiver]     Got lock
[receiver]       Write: "AT+CMGL=\"ALL\"\r"
[receiver]       Waiting for response
[receiver]         Read: "\r\n"
[receiver]         Read: "OK\r\n"
[receiver]       =["", "OK"]
[receiver]   =["OK"] // command!
[receiver] =["OK"] // command
[receiver] Command: AT (#1 of 3)
[receiver]   Command!: AT
[receiver]     Got lock
[receiver]       Write: "AT\r"
[receiver]       Waiting for response
[receiver]         Read: "\r\n"
[receiver]         Read: "OK\r\n"
[receiver]       =["", "OK"]
[receiver]   =["OK"] // command!
[receiver] =["OK"] // command
[receiver] Command: AT+CPMS? (#1 of 3)
[receiver]   Command!: AT+CPMS?
[receiver]     Got lock
[receiver]       Write: "AT+CPMS?\r"
[receiver]       Waiting for response
[receiver]         Read: "\r\n"
[receiver]         Read: "+CPMS: \"SM\",0,20,\"SM\",0,20,\"SM\",0,20\r\n"
[receiver]         Read: "\r\n"
[receiver]         Read: "OK\r\n"
[receiver]       =["", "+CPMS: \"SM\",0,20,\"SM\",0,20,\"SM\",0,20", "", "OK"]
[receiver]   =["+CPMS: \"SM\",0,20,\"SM\",0,20,\"SM\",0,20", "OK"] // command!
[receiver] =["+CPMS: \"SM\",0,20,\"SM\",0,20,\"SM\",0,20", "OK"] // command
[receiver] Command: AT (#1 of 3)
[receiver]   Command!: AT
[receiver]     Got lock
[receiver]       Write: "AT\r"
[receiver]       Waiting for response
[receiver]         Read: "\r\n"
[receiver]         Read: "OK\r\n"
[receiver]       =["", "OK"]
[receiver]   =["OK"] // command!
[receiver] =["OK"] // command
[receiver] Command: AT+CPMS? (#1 of 3)
[receiver]   Command!: AT+CPMS?
[receiver]     Got lock
[receiver]       Write: "AT+CPMS?\r"
[receiver]       Waiting for response
[receiver]         Read: "\r\n"
[receiver]         Read: "+CPMS: \"SM\",0,20,\"SM\",0,20,\"SM\",0,20\r\n"
[receiver]         Read: "\r\n"
[receiver]         Read: "OK\r\n"
[receiver]       =["", "+CPMS: \"SM\",0,20,\"SM\",0,20,\"SM\",0,20", "", "OK"]
[receiver]   =["+CPMS: \"SM\",0,20,\"SM\",0,20,\"SM\",0,20", "OK"] // command!
[receiver] =["+CPMS: \"SM\",0,20,\"SM\",0,20,\"SM\",0,20", "OK"] // command
[receiver] Command: AT (#1 of 3)
[receiver]   Command!: AT
[receiver]     Got lock
[receiver]       Write: "AT\r"
[receiver]       Waiting for response
[receiver]         Read: "\r\n"
[receiver]         Read: "OK\r\n"
[receiver]       =["", "OK"]
[receiver]   =["OK"] // command!
[receiver] =["OK"] // command
[receiver] Command: AT+CPMS? (#1 of 3)
[receiver]   Command!: AT+CPMS?
[receiver]     Got lock
[receiver]       Write: "AT+CPMS?\r"
[receiver]       Waiting for response
[receiver]         Read: "\r\n"
[receiver]         Read: "+CPMS: \"SM\",0,20,\"SM\",0,20,\"SM\",0,20\r\n"
[receiver]         Read: "\r\n"
[receiver]         Read: "OK\r\n"
[receiver]       =["", "+CPMS: \"SM\",0,20,\"SM\",0,20,\"SM\",0,20", "", "OK"]
[receiver]   =["+CPMS: \"SM\",0,20,\"SM\",0,20,\"SM\",0,20", "OK"] // command!
[receiver] =["+CPMS: \"SM\",0,20,\"SM\",0,20,\"SM\",0,20", "OK"] // command
[receiver] Command: AT (#1 of 3)
[receiver]   Command!: AT
[receiver]     Got lock
[receiver]       Write: "AT\r"
[receiver]       Waiting for response
[receiver]         Read: "\r\n"
[receiver]         Read: "OK\r\n"
[receiver]       =["", "OK"]
[receiver]   =["OK"] // command!
[receiver] =["OK"] // command
[receiver] Command: AT+CPMS? (#1 of 3)
[receiver]   Command!: AT+CPMS?
[receiver]     Got lock
[receiver]       Write: "AT+CPMS?\r"
[receiver]       Waiting for response
[receiver]         Read: "\r\n"
[receiver]         Read: "+CPMS: \"SM\",0,20,\"SM\",0,20,\"SM\",0,20\r\n"
[receiver]         Read: "\r\n"
[receiver]         Read: "OK\r\n"
[receiver]       =["", "+CPMS: \"SM\",0,20,\"SM\",0,20,\"SM\",0,20", "", "OK"]
[receiver]   =["+CPMS: \"SM\",0,20,\"SM\",0,20,\"SM\",0,20", "OK"] // command!
[receiver] =["+CPMS: \"SM\",0,20,\"SM\",0,20,\"SM\",0,20", "OK"] // command
[receiver] Command: AT+CMGF=1 (#1 of 3)
[receiver]   Command!: AT+CMGF=1
[receiver]     Got lock
[receiver]       Write: "AT+CMGF=1\r"
[receiver]       Waiting for response
[receiver]         Read: "\r\n"
[receiver]         Read: "OK\r\n"
[receiver]       =["", "OK"]
[receiver]   =["OK"] // command!
[receiver] =["OK"] // command
[receiver] Command: AT+CMGL="ALL" (#1 of 3)
[receiver]   Command!: AT+CMGL="ALL"
[receiver]     Got lock
[receiver]       Write: "AT+CMGL=\"ALL\"\r"
[receiver]       Waiting for response
[receiver]         Read: "\r\n"
[receiver]         Read: "OK\r\n"
[receiver]       =["", "OK"]
[receiver]   =["OK"] // command!
[receiver] =["OK"] // command
[receiver] Command: AT (#1 of 3)
[receiver]   Command!: AT
[receiver]     Got lock
[receiver]       Write: "AT\r"
[receiver]       Waiting for response
[receiver]         Read: "\r\n"
[receiver]         Read: "OK\r\n"
[receiver]       =["", "OK"]
[receiver]   =["OK"] // command!
[receiver] =["OK"] // command
[receiver] Command: AT+CPMS? (#1 of 3)
[receiver]   Command!: AT+CPMS?
[receiver]     Got lock
[receiver]       Write: "AT+CPMS?\r"
[receiver]       Waiting for response
[receiver]         Read: "\r\n"
[receiver]         Read: "+CPMS: \"SM\",0,20,\"SM\",0,20,\"SM\",0,20\r\n"
[receiver]         Read: "\r\n"
[receiver]         Read: "OK\r\n"
[receiver]       =["", "+CPMS: \"SM\",0,20,\"SM\",0,20,\"SM\",0,20", "", "OK"]
[receiver]   =["+CPMS: \"SM\",0,20,\"SM\",0,20,\"SM\",0,20", "OK"] // command!
[receiver] =["+CPMS: \"SM\",0,20,\"SM\",0,20,\"SM\",0,20", "OK"] // command
[receiver] Command: AT (#1 of 3)
[receiver]   Command!: AT
[receiver]     Got lock
[receiver]       Write: "AT\r"
[receiver]       Waiting for response
[receiver]         Read: "\r\n"
[receiver]         Read: "OK\r\n"
[receiver]       =["", "OK"]
[receiver]   =["OK"] // command!
[receiver] =["OK"] // command
[receiver] Command: AT+CPMS? (#1 of 3)
[receiver]   Command!: AT+CPMS?
[receiver]     Got lock
[receiver]       Write: "AT+CPMS?\r"
[receiver]       Waiting for response
[receiver]         Read: "\r\n"
[receiver]         Read: "+CPMS: \"SM\",0,20,\"SM\",0,20,\"SM\",0,20\r\n"
[receiver]         Read: "\r\n"
[receiver]         Read: "OK\r\n"
[receiver]       =["", "+CPMS: \"SM\",0,20,\"SM\",0,20,\"SM\",0,20", "", "OK"]
[receiver]   =["+CPMS: \"SM\",0,20,\"SM\",0,20,\"SM\",0,20", "OK"] // command!
[receiver] =["+CPMS: \"SM\",0,20,\"SM\",0,20,\"SM\",0,20", "OK"] // command
[receiver] Trying Command: AT+CNMI?
[receiver]   Command: AT+CNMI? (#1 of 3)
[receiver]     Command!: AT+CNMI?
[receiver]       Got lock
[receiver]         Write: "AT+CNMI?\r"
[receiver]         Waiting for response
[receiver]           Read: "\r\n"
[receiver]           Read: "+CNMI: 2,1,0,2,0\r\n"
[receiver]           Read: "\r\n"
[receiver]           Read: "OK\r\n"
[receiver]         =["", "+CNMI: 2,1,0,2,0", "", "OK"]
[receiver]     =["+CNMI: 2,1,0,2,0", "OK"] // command!
[receiver]   =["+CNMI: 2,1,0,2,0", "OK"] // command
[receiver] =["+CNMI: 2,1,0,2,0", "OK"] // try_command
[receiver] Trying Command: AT+CNMI=2,1,0,2,0
[receiver]   Command: AT+CNMI=2,1,0,2,0 (#1 of 3)
[receiver]     Command!: AT+CNMI=2,1,0,2,0
[receiver]       Got lock
[receiver]         Write: "AT+CNMI=2,1,0,2,0\r"
[receiver]         Waiting for response
[receiver]           Read: "\r\n"
[receiver]           Read: "OK\r\n"
[receiver]         =["", "OK"]
[receiver]     =["OK"] // command!
[receiver]   =["OK"] // command
[receiver] =["OK"] // try_command
[receiver] Command: AT (#1 of 3)
[receiver]   Command!: AT
[receiver]     Got lock
[receiver]       Write: "AT\r"
[receiver]       Waiting for response
[receiver]         Read: "\r\n"
[receiver]         Read: "OK\r\n"
[receiver]       =["", "OK"]
[receiver]   =["OK"] // command!
[receiver] =["OK"] // command
[receiver] Command: AT+CPMS? (#1 of 3)
[receiver]   Command!: AT+CPMS?
[receiver]     Got lock
[receiver]       Write: "AT+CPMS?\r"
[receiver]       Waiting for response
[receiver]         Read: "\r\n"
[receiver]         Read: "+CPMS: \"SM\",0,20,\"SM\",0,20,\"SM\",0,20\r\n"
[receiver]         Read: "\r\n"
[receiver]         Read: "OK\r\n"
[receiver]       =["", "+CPMS: \"SM\",0,20,\"SM\",0,20,\"SM\",0,20", "", "OK"]
[receiver]   =["+CPMS: \"SM\",0,20,\"SM\",0,20,\"SM\",0,20", "OK"] // command!
[receiver] =["+CPMS: \"SM\",0,20,\"SM\",0,20,\"SM\",0,20", "OK"] // command
[receiver] Command: AT (#1 of 3)
[receiver]   Command!: AT
[receiver]     Got lock
[receiver]       Write: "AT\r"
[receiver]       Waiting for response
[receiver]         Read: "\r\n"
[receiver]         Read: "OK\r\n"
[receiver]       =["", "OK"]
[receiver]   =["OK"] // command!
[receiver] =["OK"] // command
[receiver] Command: AT+CPMS? (#1 of 3)
[receiver]   Command!: AT+CPMS?
[receiver]     Got lock
[receiver]       Write: "AT+CPMS?\r"
[receiver]       Waiting for response
[receiver]         Read: "\r\n"
[receiver]         Read: "+CPMS: \"SM\",0,20,\"SM\",0,20,\"SM\",0,20\r\n"
[receiver]         Read: "\r\n"
[receiver]         Read: "OK\r\n"
[receiver]       =["", "+CPMS: \"SM\",0,20,\"SM\",0,20,\"SM\",0,20", "", "OK"]
[receiver]   =["+CPMS: \"SM\",0,20,\"SM\",0,20,\"SM\",0,20", "OK"] // command!
[receiver] =["+CPMS: \"SM\",0,20,\"SM\",0,20,\"SM\",0,20", "OK"] // command
[receiver] Command: AT+CMGF=1 (#1 of 3)
[receiver]   Command!: AT+CMGF=1
[receiver]     Got lock
[receiver]       Write: "AT+CMGF=1\r"
[receiver]       Waiting for response
[receiver]         Read: "\r\n"
[receiver]         Read: "OK\r\n"
[receiver]       =["", "OK"]
[receiver]   =["OK"] // command!
[receiver] =["OK"] // command
[receiver] Command: AT+CMGL="ALL" (#1 of 3)
[receiver]   Command!: AT+CMGL="ALL"
[receiver]     Got lock
[receiver]       Write: "AT+CMGL=\"ALL\"\r"
[receiver]       Waiting for response
[receiver]         Read: "\r\n"
[receiver]         Read: "OK\r\n"
[receiver]       =["", "OK"]
[receiver]   =["OK"] // command!
[receiver] =["OK"] // command
[receiver] Command: AT (#1 of 3)
[receiver]   Command!: AT
[receiver]     Got lock
[receiver]       Write: "AT\r"
[receiver]       Waiting for response
[receiver]         Read: "\r\n"
[receiver]         Read: "OK\r\n"
[receiver]       =["", "OK"]
[receiver]   =["OK"] // command!
[receiver] =["OK"] // command
[receiver] Command: AT+CPMS? (#1 of 3)
[receiver]   Command!: AT+CPMS?
[receiver]     Got lock
[receiver]       Write: "AT+CPMS?\r"
[receiver]       Waiting for response
[receiver]         Read: "\r\n"
[receiver]         Read: "+CPMS: \"SM\",0,20,\"SM\",0,20,\"SM\",0,20\r\n"
[receiver]         Read: "\r\n"
[receiver]         Read: "OK\r\n"
[receiver]       =["", "+CPMS: \"SM\",0,20,\"SM\",0,20,\"SM\",0,20", "", "OK"]
[receiver]   =["+CPMS: \"SM\",0,20,\"SM\",0,20,\"SM\",0,20", "OK"] // command!
[receiver] =["+CPMS: \"SM\",0,20,\"SM\",0,20,\"SM\",0,20", "OK"] // command
[receiver] Command: AT (#1 of 3)
[receiver]   Command!: AT
[receiver]     Got lock
[receiver]       Write: "AT\r"
[receiver]       Waiting for response
[receiver]         Read: "\r\n"
[receiver]         Read: "OK\r\n"
[receiver]       =["", "OK"]
[receiver]   =["OK"] // command!
[receiver] =["OK"] // command
[receiver] Command: AT+CPMS? (#1 of 3)
[receiver]   Command!: AT+CPMS?
[receiver]     Got lock
[receiver]       Write: "AT+CPMS?\r"
[receiver]       Waiting for response
[receiver]         Read: "\r\n"
[receiver]         Read: "+CPMS: \"SM\",0,20,\"SM\",0,20,\"SM\",0,20\r\n"
[receiver]         Read: "\r\n"
[receiver]         Read: "OK\r\n"
[receiver]       =["", "+CPMS: \"SM\",0,20,\"SM\",0,20,\"SM\",0,20", "", "OK"]
[receiver]   =["+CPMS: \"SM\",0,20,\"SM\",0,20,\"SM\",0,20", "OK"] // command!
[receiver] =["+CPMS: \"SM\",0,20,\"SM\",0,20,\"SM\",0,20", "OK"] // command
[receiver] Command: AT (#1 of 3)
[receiver]   Command!: AT
[receiver]     Got lock
[receiver]       Write: "AT\r"
[receiver]       Waiting for response
[receiver]         Read: "\r\n"
[receiver]         Read: "OK\r\n"
[receiver]       =["", "OK"]
[receiver]   =["OK"] // command!
[receiver] =["OK"] // command
[receiver] Command: AT+CPMS? (#1 of 3)
[receiver]   Command!: AT+CPMS?
[receiver]     Got lock
[receiver]       Write: "AT+CPMS?\r"
[receiver]       Waiting for response
[receiver]         Read: "\r\n"
[receiver]         Read: "+CPMS: \"SM\",0,20,\"SM\",0,20,\"SM\",0,20\r\n"
[receiver]         Read: "\r\n"
[receiver]         Read: "OK\r\n"
[receiver]       =["", "+CPMS: \"SM\",0,20,\"SM\",0,20,\"SM\",0,20", "", "OK"]
[receiver]   =["+CPMS: \"SM\",0,20,\"SM\",0,20,\"SM\",0,20", "OK"] // command!
[receiver] =["+CPMS: \"SM\",0,20,\"SM\",0,20,\"SM\",0,20", "OK"] // command
[receiver] Command: AT (#1 of 3)
[receiver]   Command!: AT
[receiver]     Got lock
[receiver]       Write: "AT\r"
[receiver]       Waiting for response
[receiver]         Read: "\r\n"
[receiver]         Read: "OK\r\n"
[receiver]       =["", "OK"]
[receiver]   =["OK"] // command!
[receiver] =["OK"] // command
[receiver] Command: AT+CPMS? (#1 of 3)
[receiver]   Command!: AT+CPMS?
[receiver]     Got lock
[receiver]       Write: "AT+CPMS?\r"
[receiver]       Waiting for response
[receiver]         Read: "\r\n"
[receiver]         Read: "+CPMS: \"SM\",0,20,\"SM\",0,20,\"SM\",0,20\r\n"
[receiver]         Read: "\r\n"
[receiver]         Read: "OK\r\n"
[receiver]       =["", "+CPMS: \"SM\",0,20,\"SM\",0,20,\"SM\",0,20", "", "OK"]
[receiver]   =["+CPMS: \"SM\",0,20,\"SM\",0,20,\"SM\",0,20", "OK"] // command!
[receiver] =["+CPMS: \"SM\",0,20,\"SM\",0,20,\"SM\",0,20", "OK"] // command
[receiver] Command: AT+CMGF=1 (#1 of 3)
[receiver]   Command!: AT+CMGF=1
[receiver]     Got lock
[receiver]       Write: "AT+CMGF=1\r"
[receiver]       Waiting for response
[receiver]         Read: "\r\n"
[receiver]         Read: "OK\r\n"
[receiver]       =["", "OK"]
[receiver]   =["OK"] // command!
[receiver] =["OK"] // command
[receiver] Command: AT+CMGL="ALL" (#1 of 3)
[receiver]   Command!: AT+CMGL="ALL"
[receiver]     Got lock
[receiver]       Write: "AT+CMGL=\"ALL\"\r"
[receiver]       Waiting for response
[receiver]         Read: "\r\n"
[receiver]         Read: "OK\r\n"
[receiver]       =["", "OK"]
[receiver]   =["OK"] // command!
[receiver] =["OK"] // command
[receiver] Command: AT (#1 of 3)
[receiver]   Command!: AT
[receiver]     Got lock
[receiver]       Write: "AT\r"
[receiver]       Waiting for response
[receiver]         Read: "\r\n"
[receiver]         Read: "OK\r\n"
[receiver]       =["", "OK"]
[receiver]   =["OK"] // command!
[receiver] =["OK"] // command
[receiver] Command: AT+CPMS? (#1 of 3)
[receiver]   Command!: AT+CPMS?
[receiver]     Got lock
[receiver]       Write: "AT+CPMS?\r"
[receiver]       Waiting for response
[receiver]         Read: "\r\n"
[receiver]         Read: "+CPMS: \"SM\",0,20,\"SM\",0,20,\"SM\",0,20\r\n"
[receiver]         Read: "\r\n"
[receiver]         Read: "OK\r\n"
[receiver]       =["", "+CPMS: \"SM\",0,20,\"SM\",0,20,\"SM\",0,20", "", "OK"]
[receiver]   =["+CPMS: \"SM\",0,20,\"SM\",0,20,\"SM\",0,20", "OK"] // command!
[receiver] =["+CPMS: \"SM\",0,20,\"SM\",0,20,\"SM\",0,20", "OK"] // command
[receiver] Command: AT (#1 of 3)
[receiver]   Command!: AT
[receiver]     Got lock
[receiver]       Write: "AT\r"
[receiver]       Waiting for response
[receiver]         Read: "\r\n"
[receiver]         Read: "OK\r\n"
[receiver]       =["", "OK"]
[receiver]   =["OK"] // command!
[receiver] =["OK"] // command
[receiver] Command: AT+CPMS? (#1 of 3)
[receiver]   Command!: AT+CPMS?
[receiver]     Got lock
[receiver]       Write: "AT+CPMS?\r"
[receiver]       Waiting for response
[receiver]         Read: "\r\n"
[receiver]         Read: "+CPMS: \"SM\",0,20,\"SM\",0,20,\"SM\",0,20\r\n"
[receiver]         Read: "\r\n"
[receiver]         Read: "OK\r\n"
[receiver]       =["", "+CPMS: \"SM\",0,20,\"SM\",0,20,\"SM\",0,20", "", "OK"]
[receiver]   =["+CPMS: \"SM\",0,20,\"SM\",0,20,\"SM\",0,20", "OK"] // command!
[receiver] =["+CPMS: \"SM\",0,20,\"SM\",0,20,\"SM\",0,20", "OK"] // command
[receiver] Command: AT (#1 of 3)
[receiver]   Command!: AT
[receiver]     Got lock
[receiver]       Write: "AT\r"
[receiver]       Waiting for response
[receiver]         Read: "\r\n"
[receiver]         Read: "OK\r\n"
[receiver]       =["", "OK"]
[receiver]   =["OK"] // command!
[receiver] =["OK"] // command
[receiver] Command: AT+CPMS? (#1 of 3)
[receiver]   Command!: AT+CPMS?
[receiver]     Got lock
[receiver]       Write: "AT+CPMS?\r"
[receiver]       Waiting for response
[receiver]         Read: "\r\n"
[receiver]         Read: "+CPMS: \"SM\",0,20,\"SM\",0,20,\"SM\",0,20\r\n"
[receiver]         Read: "\r\n"
[receiver]         Read: "OK\r\n"
[receiver]       =["", "+CPMS: \"SM\",0,20,\"SM\",0,20,\"SM\",0,20", "", "OK"]
[receiver]   =["+CPMS: \"SM\",0,20,\"SM\",0,20,\"SM\",0,20", "OK"] // command!
[receiver] =["+CPMS: \"SM\",0,20,\"SM\",0,20,\"SM\",0,20", "OK"] // command
[receiver] Command: AT (#1 of 3)
[receiver]   Command!: AT
[receiver]     Got lock
[receiver]       Write: "AT\r"
[receiver]       Waiting for response
[receiver]         Read: "\r\n"
[receiver]         Read: "OK\r\n"
[receiver]       =["", "OK"]
[receiver]   =["OK"] // command!
[receiver] =["OK"] // command
[receiver] Command: AT+CPMS? (#1 of 3)
[receiver]   Command!: AT+CPMS?
[receiver]     Got lock
[receiver]       Write: "AT+CPMS?\r"
[receiver]       Waiting for response
[receiver]         Read: "\r\n"
[receiver]         Read: "+CPMS: \"SM\",0,20,\"SM\",0,20,\"SM\",0,20\r\n"
[receiver]         Read: "\r\n"
[receiver]         Read: "OK\r\n"
[receiver]       =["", "+CPMS: \"SM\",0,20,\"SM\",0,20,\"SM\",0,20", "", "OK"]
[receiver]   =["+CPMS: \"SM\",0,20,\"SM\",0,20,\"SM\",0,20", "OK"] // command!
[receiver] =["+CPMS: \"SM\",0,20,\"SM\",0,20,\"SM\",0,20", "OK"] // command
[receiver] Trying Command: AT+CNMI?
[receiver]   Command: AT+CNMI? (#1 of 3)
[receiver]     Command!: AT+CNMI?
[receiver]       Got lock
[receiver]         Write: "AT+CNMI?\r"
[receiver]         Waiting for response
[receiver]           Read: "\r\n"
[receiver]           Read: "+CNMI: 2,1,0,2,0\r\n"
[receiver]           Read: "\r\n"
[receiver]           Read: "OK\r\n"
[receiver]         =["", "+CNMI: 2,1,0,2,0", "", "OK"]
[receiver]     =["+CNMI: 2,1,0,2,0", "OK"] // command!
